Starting Latent GRU experiment
Training...
wandb: Currently logged in as: 92danyalsultan (IML-Research) to https://api.wandb.ai. Use `wandb login --relogin` to force relogin
wandb: setting up run e5sej2at
wandb: Tracking run with wandb version 0.23.0
wandb: Run data is saved locally in /mnt/parscratch/users/aca22mds/projects/latent-gru-world-model/Latent-GRU-World-Model/wandb/run-20260714_031545-e5sej2at
wandb: Run `wandb offline` to turn off syncing.
wandb: Syncing run latent-gru-train-hpc-a100-10825543
wandb: ⭐️ View project at https://wandb.ai/IML-Research/latent-gru-world-model
wandb: 🚀 View run at https://wandb.ai/IML-Research/latent-gru-world-model/runs/e5sej2at
Using device: cuda
X: (19580, 20, 84)
Y: (19580, 77)
Device: cuda
GPU: NVIDIA A100-SXM4-80GB
Epoch 001 | Train 1.602363 | Val 1.148567 | Pred 0.578095 | Latent 0.011697 | Recon 0.558775
Epoch 002 | Train 0.845316 | Val 0.605986 | Pred 0.302702 | Latent 0.009708 | Recon 0.293576
Epoch 003 | Train 0.501080 | Val 0.424816 | Pred 0.212299 | Latent 0.010830 | Recon 0.201687
Epoch 004 | Train 0.376147 | Val 0.341161 | Pred 0.170642 | Latent 0.008602 | Recon 0.161918
Epoch 005 | Train 0.311900 | Val 0.290706 | Pred 0.145149 | Latent 0.007642 | Recon 0.137916
Epoch 006 | Train 0.270970 | Val 0.258234 | Pred 0.128450 | Latent 0.007459 | Recon 0.122325
Epoch 007 | Train 0.239091 | Val 0.227868 | Pred 0.114471 | Latent 0.006868 | Recon 0.106529
Epoch 008 | Train 0.216996 | Val 0.211659 | Pred 0.104530 | Latent 0.007349 | Recon 0.099779
Epoch 009 | Train 0.196250 | Val 0.191697 | Pred 0.096362 | Latent 0.007584 | Recon 0.087751
Epoch 010 | Train 0.179245 | Val 0.177675 | Pred 0.089239 | Latent 0.007438 | Recon 0.080997
Epoch 011 | Train 0.167700 | Val 0.167559 | Pred 0.084181 | Latent 0.007046 | Recon 0.076332
Epoch 012 | Train 0.156409 | Val 0.158201 | Pred 0.079640 | Latent 0.006946 | Recon 0.071615
Epoch 013 | Train 0.148031 | Val 0.148012 | Pred 0.074662 | Latent 0.006905 | Recon 0.066445
Epoch 014 | Train 0.138512 | Val 0.139806 | Pred 0.069676 | Latent 0.005899 | Recon 0.064231
Epoch 015 | Train 0.131172 | Val 0.136171 | Pred 0.068095 | Latent 0.007144 | Recon 0.060932
Epoch 016 | Train 0.126904 | Val 0.137187 | Pred 0.070013 | Latent 0.007603 | Recon 0.059570
Epoch 017 | Train 0.122176 | Val 0.125812 | Pred 0.063343 | Latent 0.006391 | Recon 0.056078
Epoch 018 | Train 0.116897 | Val 0.120852 | Pred 0.060670 | Latent 0.006113 | Recon 0.054070
Epoch 019 | Train 0.111133 | Val 0.115798 | Pred 0.058128 | Latent 0.006097 | Recon 0.051573
Epoch 020 | Train 0.107685 | Val 0.111987 | Pred 0.056491 | Latent 0.005870 | Recon 0.049626
Epoch 021 | Train 0.103637 | Val 0.110531 | Pred 0.055443 | Latent 0.005455 | Recon 0.049632
Epoch 022 | Train 0.101161 | Val 0.111628 | Pred 0.056495 | Latent 0.006764 | Recon 0.048369
Epoch 023 | Train 0.098026 | Val 0.104337 | Pred 0.052831 | Latent 0.006240 | Recon 0.045267
Epoch 024 | Train 0.094683 | Val 0.102616 | Pred 0.052472 | Latent 0.005774 | Recon 0.044370
Epoch 025 | Train 0.092910 | Val 0.096863 | Pred 0.048683 | Latent 0.005482 | Recon 0.042699
Epoch 026 | Train 0.089674 | Val 0.097786 | Pred 0.048957 | Latent 0.005523 | Recon 0.043306
Epoch 027 | Train 0.088766 | Val 0.097280 | Pred 0.049831 | Latent 0.006033 | Recon 0.041416
Epoch 028 | Train 0.085679 | Val 0.093027 | Pred 0.047906 | Latent 0.006066 | Recon 0.039054
Epoch 029 | Train 0.083666 | Val 0.088822 | Pred 0.044762 | Latent 0.005187 | Recon 0.038872
Epoch 030 | Train 0.081185 | Val 0.085749 | Pred 0.043075 | Latent 0.005126 | Recon 0.037548
Epoch 031 | Train 0.079071 | Val 0.085824 | Pred 0.043381 | Latent 0.005263 | Recon 0.037180
Epoch 032 | Train 0.078438 | Val 0.083746 | Pred 0.042322 | Latent 0.005248 | Recon 0.036176
Epoch 033 | Train 0.076113 | Val 0.080522 | Pred 0.041197 | Latent 0.004811 | Recon 0.034514
Epoch 034 | Train 0.074476 | Val 0.083856 | Pred 0.043437 | Latent 0.005718 | Recon 0.034701
Epoch 035 | Train 0.073154 | Val 0.079476 | Pred 0.040934 | Latent 0.004929 | Recon 0.033613
Epoch 036 | Train 0.071068 | Val 0.077527 | Pred 0.039147 | Latent 0.005063 | Recon 0.033317
Epoch 037 | Train 0.070811 | Val 0.077676 | Pred 0.040791 | Latent 0.004939 | Recon 0.031946
Epoch 038 | Train 0.069568 | Val 0.077106 | Pred 0.039684 | Latent 0.004789 | Recon 0.032633
Epoch 039 | Train 0.067467 | Val 0.075876 | Pred 0.039463 | Latent 0.005001 | Recon 0.031412
Epoch 040 | Train 0.065664 | Val 0.071571 | Pred 0.036376 | Latent 0.004548 | Recon 0.030647
Epoch 041 | Train 0.064691 | Val 0.073324 | Pred 0.038199 | Latent 0.004565 | Recon 0.030560
Epoch 042 | Train 0.063389 | Val 0.071929 | Pred 0.037507 | Latent 0.004627 | Recon 0.029795
Epoch 043 | Train 0.063539 | Val 0.071291 | Pred 0.037259 | Latent 0.004989 | Recon 0.029042
Epoch 044 | Train 0.062352 | Val 0.066050 | Pred 0.033635 | Latent 0.004138 | Recon 0.028277
Epoch 045 | Train 0.060867 | Val 0.067353 | Pred 0.034664 | Latent 0.004770 | Recon 0.027920
Epoch 046 | Train 0.059636 | Val 0.066407 | Pred 0.034497 | Latent 0.004448 | Recon 0.027463
Epoch 047 | Train 0.059861 | Val 0.079972 | Pred 0.044763 | Latent 0.006282 | Recon 0.028926
Epoch 048 | Train 0.060811 | Val 0.061919 | Pred 0.031952 | Latent 0.004025 | Recon 0.025942
Epoch 049 | Train 0.057337 | Val 0.065192 | Pred 0.034283 | Latent 0.004133 | Recon 0.026776
Epoch 050 | Train 0.056151 | Val 0.062961 | Pred 0.032374 | Latent 0.003842 | Recon 0.026745
Epoch 051 | Train 0.055126 | Val 0.064968 | Pred 0.034144 | Latent 0.004159 | Recon 0.026665
Epoch 052 | Train 0.054908 | Val 0.058191 | Pred 0.029830 | Latent 0.003716 | Recon 0.024644
Epoch 053 | Train 0.053792 | Val 0.065548 | Pred 0.034711 | Latent 0.005053 | Recon 0.025784
Epoch 054 | Train 0.054581 | Val 0.059274 | Pred 0.030739 | Latent 0.003902 | Recon 0.024633
Epoch 055 | Train 0.053005 | Val 0.062180 | Pred 0.033205 | Latent 0.004748 | Recon 0.024227
Epoch 056 | Train 0.053702 | Val 0.059895 | Pred 0.031641 | Latent 0.004068 | Recon 0.024186
Epoch 057 | Train 0.051289 | Val 0.058422 | Pred 0.030470 | Latent 0.003946 | Recon 0.024005
Epoch 058 | Train 0.051209 | Val 0.056264 | Pred 0.029178 | Latent 0.003697 | Recon 0.023389
Epoch 059 | Train 0.050373 | Val 0.055927 | Pred 0.029329 | Latent 0.003632 | Recon 0.022965
Epoch 060 | Train 0.049837 | Val 0.055195 | Pred 0.028468 | Latent 0.003326 | Recon 0.023401
Epoch 061 | Train 0.049289 | Val 0.057849 | Pred 0.030180 | Latent 0.003807 | Recon 0.023862
Epoch 062 | Train 0.049478 | Val 0.052413 | Pred 0.027230 | Latent 0.003335 | Recon 0.021848
Epoch 063 | Train 0.047974 | Val 0.055882 | Pred 0.029466 | Latent 0.003731 | Recon 0.022685
Epoch 064 | Train 0.048581 | Val 0.052386 | Pred 0.027373 | Latent 0.003345 | Recon 0.021668
Epoch 065 | Train 0.047292 | Val 0.053903 | Pred 0.028243 | Latent 0.003531 | Recon 0.022129
Epoch 066 | Train 0.047373 | Val 0.057884 | Pred 0.030452 | Latent 0.003861 | Recon 0.023570
Epoch 067 | Train 0.047341 | Val 0.054139 | Pred 0.028596 | Latent 0.003323 | Recon 0.022220
Epoch 068 | Train 0.046301 | Val 0.050996 | Pred 0.026796 | Latent 0.003232 | Recon 0.020968
Epoch 069 | Train 0.045718 | Val 0.057714 | Pred 0.032113 | Latent 0.004199 | Recon 0.021402
Epoch 070 | Train 0.048052 | Val 0.052772 | Pred 0.027795 | Latent 0.003364 | Recon 0.021613
Epoch 071 | Train 0.045394 | Val 0.052307 | Pred 0.027684 | Latent 0.003456 | Recon 0.021166
Epoch 072 | Train 0.045175 | Val 0.055126 | Pred 0.029750 | Latent 0.003963 | Recon 0.021412
Epoch 073 | Train 0.045606 | Val 0.049755 | Pred 0.026356 | Latent 0.003297 | Recon 0.020102
Epoch 074 | Train 0.043560 | Val 0.050171 | Pred 0.026339 | Latent 0.003162 | Recon 0.020670
Epoch 075 | Train 0.043273 | Val 0.048058 | Pred 0.025098 | Latent 0.003120 | Recon 0.019840
Epoch 076 | Train 0.043071 | Val 0.048231 | Pred 0.025480 | Latent 0.003134 | Recon 0.019617
Epoch 077 | Train 0.043156 | Val 0.047672 | Pred 0.025348 | Latent 0.003164 | Recon 0.019160
Epoch 078 | Train 0.043579 | Val 0.051672 | Pred 0.027966 | Latent 0.003245 | Recon 0.020461
Epoch 079 | Train 0.043311 | Val 0.053425 | Pred 0.029010 | Latent 0.004062 | Recon 0.020353
Epoch 080 | Train 0.043955 | Val 0.048662 | Pred 0.025801 | Latent 0.003229 | Recon 0.019631
Epoch 081 | Train 0.042755 | Val 0.047570 | Pred 0.025225 | Latent 0.002986 | Recon 0.019359
Epoch 082 | Train 0.042204 | Val 0.045945 | Pred 0.024110 | Latent 0.003020 | Recon 0.018815
Epoch 083 | Train 0.040575 | Val 0.048262 | Pred 0.025649 | Latent 0.003095 | Recon 0.019518
Epoch 084 | Train 0.041604 | Val 0.047559 | Pred 0.025549 | Latent 0.003043 | Recon 0.018967
Epoch 085 | Train 0.040949 | Val 0.045540 | Pred 0.024165 | Latent 0.003030 | Recon 0.018345
Epoch 086 | Train 0.040281 | Val 0.047465 | Pred 0.025489 | Latent 0.003134 | Recon 0.018842
Epoch 087 | Train 0.040402 | Val 0.047348 | Pred 0.025558 | Latent 0.003110 | Recon 0.018680
Epoch 088 | Train 0.040151 | Val 0.047822 | Pred 0.025885 | Latent 0.002923 | Recon 0.019014
Epoch 089 | Train 0.040258 | Val 0.053129 | Pred 0.029512 | Latent 0.003718 | Recon 0.019899
Epoch 090 | Train 0.040885 | Val 0.053027 | Pred 0.030428 | Latent 0.003820 | Recon 0.018778
Epoch 091 | Train 0.041775 | Val 0.044246 | Pred 0.023206 | Latent 0.002818 | Recon 0.018221
Epoch 092 | Train 0.039044 | Val 0.045051 | Pred 0.023936 | Latent 0.002906 | Recon 0.018209
Epoch 093 | Train 0.039254 | Val 0.046122 | Pred 0.025075 | Latent 0.002902 | Recon 0.018145
Epoch 094 | Train 0.038846 | Val 0.043703 | Pred 0.023267 | Latent 0.002973 | Recon 0.017463
Epoch 095 | Train 0.038131 | Val 0.045773 | Pred 0.024985 | Latent 0.003041 | Recon 0.017747
Epoch 096 | Train 0.038246 | Val 0.045333 | Pred 0.024255 | Latent 0.002893 | Recon 0.018186
Epoch 097 | Train 0.038320 | Val 0.043966 | Pred 0.023648 | Latent 0.002823 | Recon 0.017494
Epoch 098 | Train 0.037656 | Val 0.049754 | Pred 0.027673 | Latent 0.003179 | Recon 0.018902
Epoch 099 | Train 0.038782 | Val 0.043145 | Pred 0.022899 | Latent 0.002766 | Recon 0.017480
Epoch 100 | Train 0.036694 | Val 0.046429 | Pred 0.025017 | Latent 0.003031 | Recon 0.018382
Epoch 101 | Train 0.038343 | Val 0.042145 | Pred 0.022366 | Latent 0.002727 | Recon 0.017052
Epoch 102 | Train 0.037066 | Val 0.042999 | Pred 0.022860 | Latent 0.002826 | Recon 0.017313
Epoch 103 | Train 0.037145 | Val 0.042784 | Pred 0.023085 | Latent 0.002861 | Recon 0.016837
Epoch 104 | Train 0.036923 | Val 0.042797 | Pred 0.022914 | Latent 0.002747 | Recon 0.017137
Epoch 105 | Train 0.036900 | Val 0.042472 | Pred 0.023031 | Latent 0.002747 | Recon 0.016695
Epoch 106 | Train 0.036585 | Val 0.040052 | Pred 0.021174 | Latent 0.002682 | Recon 0.016196
Epoch 107 | Train 0.036123 | Val 0.042599 | Pred 0.022665 | Latent 0.002835 | Recon 0.017099
Epoch 108 | Train 0.036152 | Val 0.041446 | Pred 0.022085 | Latent 0.002720 | Recon 0.016642
Epoch 109 | Train 0.035273 | Val 0.042879 | Pred 0.023046 | Latent 0.002697 | Recon 0.017136
Epoch 110 | Train 0.035881 | Val 0.048370 | Pred 0.026239 | Latent 0.002793 | Recon 0.019338
Epoch 111 | Train 0.036521 | Val 0.038408 | Pred 0.020412 | Latent 0.002565 | Recon 0.015432
Epoch 112 | Train 0.034714 | Val 0.043973 | Pred 0.023696 | Latent 0.003085 | Recon 0.017192
Epoch 113 | Train 0.035918 | Val 0.040331 | Pred 0.021923 | Latent 0.002736 | Recon 0.015672
Epoch 114 | Train 0.035096 | Val 0.040576 | Pred 0.022088 | Latent 0.002616 | Recon 0.015872
Epoch 115 | Train 0.034735 | Val 0.044290 | Pred 0.024611 | Latent 0.002857 | Recon 0.016823
Epoch 116 | Train 0.034997 | Val 0.040361 | Pred 0.021754 | Latent 0.002713 | Recon 0.015894
Epoch 117 | Train 0.034631 | Val 0.041448 | Pred 0.022572 | Latent 0.002613 | Recon 0.016263
Epoch 118 | Train 0.035033 | Val 0.038905 | Pred 0.021066 | Latent 0.002586 | Recon 0.015254
Epoch 119 | Train 0.033653 | Val 0.038016 | Pred 0.020218 | Latent 0.002503 | Recon 0.015295
Epoch 120 | Train 0.033309 | Val 0.038798 | Pred 0.021033 | Latent 0.002482 | Recon 0.015282
Epoch 121 | Train 0.034040 | Val 0.038274 | Pred 0.020688 | Latent 0.002547 | Recon 0.015039
Epoch 122 | Train 0.033300 | Val 0.037978 | Pred 0.020384 | Latent 0.002510 | Recon 0.015083
Epoch 123 | Train 0.033237 | Val 0.040968 | Pred 0.022669 | Latent 0.002763 | Recon 0.015536
Epoch 124 | Train 0.033571 | Val 0.040393 | Pred 0.021755 | Latent 0.002861 | Recon 0.015777
Epoch 125 | Train 0.033982 | Val 0.042858 | Pred 0.023962 | Latent 0.002889 | Recon 0.016007
Epoch 126 | Train 0.033966 | Val 0.038548 | Pred 0.020760 | Latent 0.002541 | Recon 0.015246
Epoch 127 | Train 0.032778 | Val 0.039081 | Pred 0.020786 | Latent 0.002500 | Recon 0.015795
Epoch 128 | Train 0.032718 | Val 0.038191 | Pred 0.020726 | Latent 0.002384 | Recon 0.015081
Epoch 129 | Train 0.031780 | Val 0.038989 | Pred 0.021093 | Latent 0.002552 | Recon 0.015343
Epoch 130 | Train 0.032721 | Val 0.039708 | Pred 0.021647 | Latent 0.002445 | Recon 0.015615
Epoch 131 | Train 0.032672 | Val 0.038756 | Pred 0.021102 | Latent 0.002509 | Recon 0.015146
Epoch 132 | Train 0.032704 | Val 0.037925 | Pred 0.020633 | Latent 0.002504 | Recon 0.014789
Epoch 133 | Train 0.031960 | Val 0.036489 | Pred 0.019564 | Latent 0.002450 | Recon 0.014475
Epoch 134 | Train 0.031654 | Val 0.038211 | Pred 0.020681 | Latent 0.002491 | Recon 0.015039
Epoch 135 | Train 0.031940 | Val 0.042979 | Pred 0.023548 | Latent 0.002694 | Recon 0.016737
Epoch 136 | Train 0.033303 | Val 0.037495 | Pred 0.020483 | Latent 0.002492 | Recon 0.014520
Epoch 137 | Train 0.030922 | Val 0.037127 | Pred 0.020174 | Latent 0.002452 | Recon 0.014501
Epoch 138 | Train 0.031717 | Val 0.036934 | Pred 0.019881 | Latent 0.002420 | Recon 0.014634
Epoch 139 | Train 0.031285 | Val 0.041118 | Pred 0.022653 | Latent 0.002731 | Recon 0.015734
Epoch 140 | Train 0.031991 | Val 0.038704 | Pred 0.021237 | Latent 0.002507 | Recon 0.014959
Epoch 141 | Train 0.031553 | Val 0.035786 | Pred 0.019534 | Latent 0.002284 | Recon 0.013968
Epoch 142 | Train 0.030590 | Val 0.037464 | Pred 0.020237 | Latent 0.002378 | Recon 0.014849
Epoch 143 | Train 0.030290 | Val 0.036245 | Pred 0.019469 | Latent 0.002364 | Recon 0.014412
Epoch 144 | Train 0.031379 | Val 0.037726 | Pred 0.020720 | Latent 0.002464 | Recon 0.014542
Epoch 145 | Train 0.030991 | Val 0.035842 | Pred 0.019057 | Latent 0.002313 | Recon 0.014472
Epoch 146 | Train 0.029892 | Val 0.039923 | Pred 0.022580 | Latent 0.002693 | Recon 0.014650
Epoch 147 | Train 0.031684 | Val 0.035367 | Pred 0.018975 | Latent 0.002363 | Recon 0.014029
Epoch 148 | Train 0.030171 | Val 0.035422 | Pred 0.019152 | Latent 0.002346 | Recon 0.013924
Epoch 149 | Train 0.029762 | Val 0.035883 | Pred 0.019608 | Latent 0.002331 | Recon 0.013943
Epoch 150 | Train 0.029815 | Val 0.037546 | Pred 0.020712 | Latent 0.002591 | Recon 0.014242
Epoch 151 | Train 0.030184 | Val 0.038056 | Pred 0.020725 | Latent 0.002405 | Recon 0.014926
Epoch 152 | Train 0.030465 | Val 0.034280 | Pred 0.018903 | Latent 0.002342 | Recon 0.013034
Epoch 153 | Train 0.029598 | Val 0.036459 | Pred 0.020117 | Latent 0.002444 | Recon 0.013898
Epoch 154 | Train 0.029522 | Val 0.035710 | Pred 0.019172 | Latent 0.002227 | Recon 0.014311
Epoch 155 | Train 0.028967 | Val 0.035610 | Pred 0.019217 | Latent 0.002355 | Recon 0.014038
Epoch 156 | Train 0.030266 | Val 0.036515 | Pred 0.019943 | Latent 0.002278 | Recon 0.014294
Epoch 157 | Train 0.029733 | Val 0.035812 | Pred 0.020087 | Latent 0.002478 | Recon 0.013247
Epoch 158 | Train 0.029370 | Val 0.033594 | Pred 0.018135 | Latent 0.002271 | Recon 0.013189
Epoch 159 | Train 0.028915 | Val 0.036244 | Pred 0.020000 | Latent 0.002332 | Recon 0.013912
Epoch 160 | Train 0.028991 | Val 0.035562 | Pred 0.019413 | Latent 0.002237 | Recon 0.013912
Epoch 161 | Train 0.028839 | Val 0.035247 | Pred 0.018804 | Latent 0.002143 | Recon 0.014300
Epoch 162 | Train 0.028301 | Val 0.041289 | Pred 0.022864 | Latent 0.002812 | Recon 0.015613
Epoch 163 | Train 0.031685 | Val 0.035253 | Pred 0.018788 | Latent 0.002364 | Recon 0.014102
Epoch 164 | Train 0.028594 | Val 0.033566 | Pred 0.018394 | Latent 0.002219 | Recon 0.012953
Epoch 165 | Train 0.027539 | Val 0.033594 | Pred 0.017958 | Latent 0.002212 | Recon 0.013424
Epoch 166 | Train 0.027696 | Val 0.033361 | Pred 0.017911 | Latent 0.002161 | Recon 0.013289
Epoch 167 | Train 0.028284 | Val 0.035372 | Pred 0.019270 | Latent 0.002398 | Recon 0.013704
Epoch 168 | Train 0.028384 | Val 0.034203 | Pred 0.018712 | Latent 0.002214 | Recon 0.013277
Epoch 169 | Train 0.027766 | Val 0.036443 | Pred 0.019674 | Latent 0.002448 | Recon 0.014322
Epoch 170 | Train 0.028218 | Val 0.031885 | Pred 0.017394 | Latent 0.002065 | Recon 0.012426
Epoch 171 | Train 0.027714 | Val 0.032704 | Pred 0.017587 | Latent 0.002169 | Recon 0.012948
Epoch 172 | Train 0.027282 | Val 0.031292 | Pred 0.017064 | Latent 0.002064 | Recon 0.012165
Epoch 173 | Train 0.027278 | Val 0.032541 | Pred 0.017810 | Latent 0.002087 | Recon 0.012644
Epoch 174 | Train 0.026876 | Val 0.032251 | Pred 0.017394 | Latent 0.002092 | Recon 0.012766
Epoch 175 | Train 0.027620 | Val 0.042802 | Pred 0.022978 | Latent 0.002969 | Recon 0.016855
Epoch 176 | Train 0.030159 | Val 0.031510 | Pred 0.017121 | Latent 0.002131 | Recon 0.012258
Epoch 177 | Train 0.026802 | Val 0.034115 | Pred 0.018492 | Latent 0.002137 | Recon 0.013486
Epoch 178 | Train 0.027205 | Val 0.031765 | Pred 0.017358 | Latent 0.002054 | Recon 0.012354
Epoch 179 | Train 0.026652 | Val 0.032565 | Pred 0.017080 | Latent 0.002202 | Recon 0.013283
Epoch 180 | Train 0.026879 | Val 0.032767 | Pred 0.018000 | Latent 0.002145 | Recon 0.012622
Epoch 181 | Train 0.027258 | Val 0.031653 | Pred 0.017455 | Latent 0.002104 | Recon 0.012094
Epoch 182 | Train 0.026705 | Val 0.040032 | Pred 0.021969 | Latent 0.002221 | Recon 0.015841
Epoch 183 | Train 0.027699 | Val 0.034137 | Pred 0.018995 | Latent 0.002254 | Recon 0.012887
Epoch 184 | Train 0.027137 | Val 0.032428 | Pred 0.017606 | Latent 0.002064 | Recon 0.012758
Epoch 185 | Train 0.026148 | Val 0.032396 | Pred 0.017989 | Latent 0.002037 | Recon 0.012370
Epoch 186 | Train 0.026366 | Val 0.030871 | Pred 0.016685 | Latent 0.002012 | Recon 0.012174
Epoch 187 | Train 0.027523 | Val 0.035307 | Pred 0.019756 | Latent 0.002358 | Recon 0.013193
Epoch 188 | Train 0.026537 | Val 0.031674 | Pred 0.017371 | Latent 0.002055 | Recon 0.012248
Epoch 189 | Train 0.026351 | Val 0.032505 | Pred 0.017490 | Latent 0.002070 | Recon 0.012945
Epoch 190 | Train 0.026397 | Val 0.032931 | Pred 0.017943 | Latent 0.002456 | Recon 0.012532
Epoch 191 | Train 0.026347 | Val 0.030486 | Pred 0.016652 | Latent 0.002044 | Recon 0.011791
Epoch 192 | Train 0.025670 | Val 0.033563 | Pred 0.017724 | Latent 0.002261 | Recon 0.013577
Epoch 193 | Train 0.026522 | Val 0.040907 | Pred 0.023855 | Latent 0.002599 | Recon 0.014453
Epoch 194 | Train 0.028688 | Val 0.030216 | Pred 0.016350 | Latent 0.001938 | Recon 0.011928
Epoch 195 | Train 0.024892 | Val 0.031505 | Pred 0.017630 | Latent 0.002118 | Recon 0.011757
Epoch 196 | Train 0.026062 | Val 0.036123 | Pred 0.020202 | Latent 0.002046 | Recon 0.013875
Epoch 197 | Train 0.026090 | Val 0.030472 | Pred 0.016554 | Latent 0.001982 | Recon 0.011936
Epoch 198 | Train 0.025438 | Val 0.030775 | Pred 0.016497 | Latent 0.002144 | Recon 0.012134
Epoch 199 | Train 0.025302 | Val 0.029602 | Pred 0.016125 | Latent 0.002075 | Recon 0.011401
Epoch 200 | Train 0.024608 | Val 0.031562 | Pred 0.017260 | Latent 0.001954 | Recon 0.012349
Epoch 201 | Train 0.024843 | Val 0.031778 | Pred 0.017408 | Latent 0.002004 | Recon 0.012366
Epoch 202 | Train 0.025104 | Val 0.029793 | Pred 0.016467 | Latent 0.002043 | Recon 0.011283
Epoch 203 | Train 0.025604 | Val 0.031949 | Pred 0.017387 | Latent 0.002241 | Recon 0.012321
Epoch 204 | Train 0.025713 | Val 0.029055 | Pred 0.015927 | Latent 0.001928 | Recon 0.011200
Epoch 205 | Train 0.024162 | Val 0.030068 | Pred 0.016192 | Latent 0.001922 | Recon 0.011955
Epoch 206 | Train 0.023962 | Val 0.029925 | Pred 0.015976 | Latent 0.001958 | Recon 0.011990
Epoch 207 | Train 0.024694 | Val 0.030122 | Pred 0.016780 | Latent 0.002072 | Recon 0.011270
Epoch 208 | Train 0.025022 | Val 0.034162 | Pred 0.019119 | Latent 0.002178 | Recon 0.012866
Epoch 209 | Train 0.026117 | Val 0.031158 | Pred 0.017407 | Latent 0.002072 | Recon 0.011679
Epoch 210 | Train 0.025171 | Val 0.031907 | Pred 0.018171 | Latent 0.002095 | Recon 0.011642
Epoch 211 | Train 0.025071 | Val 0.029489 | Pred 0.015726 | Latent 0.001966 | Recon 0.011797
Epoch 212 | Train 0.023914 | Val 0.029966 | Pred 0.016496 | Latent 0.002008 | Recon 0.011462
Epoch 213 | Train 0.024897 | Val 0.033264 | Pred 0.018757 | Latent 0.002194 | Recon 0.012313
Epoch 214 | Train 0.024642 | Val 0.029703 | Pred 0.016353 | Latent 0.001830 | Recon 0.011520
Epoch 215 | Train 0.024082 | Val 0.029413 | Pred 0.016182 | Latent 0.001938 | Recon 0.011293
Epoch 216 | Train 0.023767 | Val 0.030915 | Pred 0.017328 | Latent 0.001970 | Recon 0.011618
Epoch 217 | Train 0.024100 | Val 0.030431 | Pred 0.016876 | Latent 0.001866 | Recon 0.011689
Epoch 218 | Train 0.024816 | Val 0.029688 | Pred 0.016495 | Latent 0.001860 | Recon 0.011333
Epoch 219 | Train 0.023967 | Val 0.030027 | Pred 0.016806 | Latent 0.001927 | Recon 0.011293
Epoch 220 | Train 0.024366 | Val 0.029740 | Pred 0.016290 | Latent 0.002058 | Recon 0.011392
Epoch 221 | Train 0.023881 | Val 0.029441 | Pred 0.015797 | Latent 0.001969 | Recon 0.011675
Epoch 222 | Train 0.024074 | Val 0.029185 | Pred 0.015939 | Latent 0.001937 | Recon 0.011310
Epoch 223 | Train 0.023686 | Val 0.029843 | Pred 0.016480 | Latent 0.001846 | Recon 0.011517
Epoch 224 | Train 0.023644 | Val 0.031713 | Pred 0.017813 | Latent 0.002051 | Recon 0.011849
Epoch 225 | Train 0.024980 | Val 0.027243 | Pred 0.014779 | Latent 0.001784 | Recon 0.010680
Epoch 226 | Train 0.022476 | Val 0.029695 | Pred 0.015941 | Latent 0.001964 | Recon 0.011791
Epoch 227 | Train 0.023516 | Val 0.029760 | Pred 0.016592 | Latent 0.001913 | Recon 0.011255
Epoch 228 | Train 0.023682 | Val 0.029413 | Pred 0.015709 | Latent 0.001942 | Recon 0.011763
Epoch 229 | Train 0.023564 | Val 0.028713 | Pred 0.015587 | Latent 0.002011 | Recon 0.011115
Epoch 230 | Train 0.023390 | Val 0.029250 | Pred 0.016006 | Latent 0.001810 | Recon 0.011434
Epoch 231 | Train 0.023222 | Val 0.027023 | Pred 0.014693 | Latent 0.001784 | Recon 0.010547
Epoch 232 | Train 0.022668 | Val 0.027324 | Pred 0.014858 | Latent 0.001801 | Recon 0.010666
Epoch 233 | Train 0.022601 | Val 0.028484 | Pred 0.015716 | Latent 0.001922 | Recon 0.010847
Epoch 234 | Train 0.023771 | Val 0.027710 | Pred 0.014948 | Latent 0.001783 | Recon 0.010979
Epoch 235 | Train 0.022349 | Val 0.028022 | Pred 0.015140 | Latent 0.001856 | Recon 0.011026
Epoch 236 | Train 0.022107 | Val 0.027389 | Pred 0.015009 | Latent 0.001848 | Recon 0.010533
Epoch 237 | Train 0.023431 | Val 0.030358 | Pred 0.016738 | Latent 0.001870 | Recon 0.011749
Epoch 238 | Train 0.022796 | Val 0.028180 | Pred 0.015629 | Latent 0.001797 | Recon 0.010754
Epoch 239 | Train 0.023503 | Val 0.027345 | Pred 0.015239 | Latent 0.001773 | Recon 0.010334
Epoch 240 | Train 0.021810 | Val 0.027584 | Pred 0.014919 | Latent 0.001764 | Recon 0.010900
Epoch 241 | Train 0.022507 | Val 0.026938 | Pred 0.014686 | Latent 0.001772 | Recon 0.010481
Epoch 242 | Train 0.022536 | Val 0.026132 | Pred 0.014378 | Latent 0.001742 | Recon 0.010012
Epoch 243 | Train 0.023504 | Val 0.031613 | Pred 0.017459 | Latent 0.001943 | Recon 0.012211
Epoch 244 | Train 0.023038 | Val 0.029309 | Pred 0.016353 | Latent 0.002130 | Recon 0.010827
Epoch 245 | Train 0.022652 | Val 0.025899 | Pred 0.014086 | Latent 0.001723 | Recon 0.010089
Epoch 246 | Train 0.021621 | Val 0.029039 | Pred 0.015704 | Latent 0.001949 | Recon 0.011386
Epoch 247 | Train 0.022091 | Val 0.026730 | Pred 0.014506 | Latent 0.001736 | Recon 0.010487
Epoch 248 | Train 0.021361 | Val 0.027091 | Pred 0.015396 | Latent 0.001816 | Recon 0.009879
Epoch 249 | Train 0.021682 | Val 0.027671 | Pred 0.015315 | Latent 0.001861 | Recon 0.010495
Epoch 250 | Train 0.021766 | Val 0.028984 | Pred 0.016374 | Latent 0.001863 | Recon 0.010747
Epoch 251 | Train 0.023289 | Val 0.027647 | Pred 0.015347 | Latent 0.001850 | Recon 0.010450
Epoch 252 | Train 0.021818 | Val 0.026336 | Pred 0.014511 | Latent 0.001676 | Recon 0.010149
Epoch 253 | Train 0.022175 | Val 0.031336 | Pred 0.017333 | Latent 0.001782 | Recon 0.012220
Epoch 254 | Train 0.022034 | Val 0.026791 | Pred 0.014621 | Latent 0.001710 | Recon 0.010460
Epoch 255 | Train 0.021207 | Val 0.030985 | Pred 0.015951 | Latent 0.002257 | Recon 0.012777
Epoch 256 | Train 0.023263 | Val 0.028129 | Pred 0.015294 | Latent 0.001730 | Recon 0.011105
Epoch 257 | Train 0.021754 | Val 0.025385 | Pred 0.013890 | Latent 0.001701 | Recon 0.009793
Epoch 258 | Train 0.021580 | Val 0.026595 | Pred 0.014765 | Latent 0.001703 | Recon 0.010127
Epoch 259 | Train 0.021304 | Val 0.027858 | Pred 0.015203 | Latent 0.001689 | Recon 0.010965
Epoch 260 | Train 0.021716 | Val 0.025711 | Pred 0.013973 | Latent 0.001669 | Recon 0.010069
Epoch 261 | Train 0.021877 | Val 0.026987 | Pred 0.014816 | Latent 0.001722 | Recon 0.010449
Epoch 262 | Train 0.021211 | Val 0.033569 | Pred 0.019480 | Latent 0.002262 | Recon 0.011828
Epoch 263 | Train 0.023245 | Val 0.026067 | Pred 0.014399 | Latent 0.001713 | Recon 0.009955
Epoch 264 | Train 0.021790 | Val 0.025633 | Pred 0.014221 | Latent 0.001746 | Recon 0.009666
Epoch 265 | Train 0.020794 | Val 0.027416 | Pred 0.015051 | Latent 0.001651 | Recon 0.010714
Epoch 266 | Train 0.021100 | Val 0.026248 | Pred 0.014376 | Latent 0.001809 | Recon 0.010063
Epoch 267 | Train 0.021396 | Val 0.025988 | Pred 0.014403 | Latent 0.001679 | Recon 0.009907
Epoch 268 | Train 0.020195 | Val 0.025014 | Pred 0.013745 | Latent 0.001679 | Recon 0.009590
Epoch 269 | Train 0.020618 | Val 0.027219 | Pred 0.014699 | Latent 0.001675 | Recon 0.010845
Epoch 270 | Train 0.020719 | Val 0.026255 | Pred 0.013997 | Latent 0.001719 | Recon 0.010540
Epoch 271 | Train 0.021017 | Val 0.029887 | Pred 0.016814 | Latent 0.001937 | Recon 0.011136
Epoch 272 | Train 0.022069 | Val 0.028856 | Pred 0.015479 | Latent 0.001739 | Recon 0.011637
Epoch 273 | Train 0.021644 | Val 0.024889 | Pred 0.013733 | Latent 0.001623 | Recon 0.009533
Epoch 274 | Train 0.020936 | Val 0.027181 | Pred 0.014757 | Latent 0.001674 | Recon 0.010750
Epoch 275 | Train 0.020693 | Val 0.035296 | Pred 0.019701 | Latent 0.001799 | Recon 0.013797
Epoch 276 | Train 0.024474 | Val 0.029745 | Pred 0.016893 | Latent 0.001864 | Recon 0.010988
Epoch 277 | Train 0.021649 | Val 0.027099 | Pred 0.014946 | Latent 0.001675 | Recon 0.010477
Epoch 278 | Train 0.020314 | Val 0.025264 | Pred 0.013835 | Latent 0.001674 | Recon 0.009755
Epoch 279 | Train 0.019939 | Val 0.027339 | Pred 0.015128 | Latent 0.001804 | Recon 0.010407
Epoch 280 | Train 0.020934 | Val 0.023977 | Pred 0.013251 | Latent 0.001647 | Recon 0.009079
Epoch 281 | Train 0.020166 | Val 0.029250 | Pred 0.015735 | Latent 0.002128 | Recon 0.011388
Epoch 282 | Train 0.021905 | Val 0.029352 | Pred 0.016442 | Latent 0.001724 | Recon 0.011186
Epoch 283 | Train 0.021249 | Val 0.026156 | Pred 0.014786 | Latent 0.001673 | Recon 0.009697
Epoch 284 | Train 0.019628 | Val 0.027599 | Pred 0.015528 | Latent 0.001795 | Recon 0.010276
Epoch 285 | Train 0.021236 | Val 0.029095 | Pred 0.016410 | Latent 0.001766 | Recon 0.010919
Epoch 286 | Train 0.021849 | Val 0.024526 | Pred 0.013418 | Latent 0.001552 | Recon 0.009556
Epoch 287 | Train 0.021016 | Val 0.025680 | Pred 0.013953 | Latent 0.001622 | Recon 0.010105
Epoch 288 | Train 0.019759 | Val 0.023783 | Pred 0.013121 | Latent 0.001537 | Recon 0.009126
Epoch 289 | Train 0.019617 | Val 0.024772 | Pred 0.013684 | Latent 0.001548 | Recon 0.009541
Epoch 290 | Train 0.019954 | Val 0.028546 | Pred 0.016334 | Latent 0.001873 | Recon 0.010339
Epoch 291 | Train 0.021413 | Val 0.025558 | Pred 0.013833 | Latent 0.001590 | Recon 0.010135
Epoch 292 | Train 0.019223 | Val 0.025871 | Pred 0.013919 | Latent 0.001592 | Recon 0.010360
Epoch 293 | Train 0.019444 | Val 0.024740 | Pred 0.013546 | Latent 0.001583 | Recon 0.009611
Epoch 294 | Train 0.019779 | Val 0.025624 | Pred 0.014207 | Latent 0.001663 | Recon 0.009755
Epoch 295 | Train 0.021295 | Val 0.027406 | Pred 0.015652 | Latent 0.001680 | Recon 0.010074
Epoch 296 | Train 0.020697 | Val 0.023828 | Pred 0.013152 | Latent 0.001554 | Recon 0.009123
Epoch 297 | Train 0.019306 | Val 0.025435 | Pred 0.014049 | Latent 0.001612 | Recon 0.009774
Epoch 298 | Train 0.019480 | Val 0.024870 | Pred 0.013419 | Latent 0.001522 | Recon 0.009928
Epoch 299 | Train 0.019728 | Val 0.023679 | Pred 0.012857 | Latent 0.001567 | Recon 0.009255
Epoch 300 | Train 0.019099 | Val 0.027668 | Pred 0.015714 | Latent 0.001853 | Recon 0.010101
Epoch 301 | Train 0.020995 | Val 0.025326 | Pred 0.014009 | Latent 0.001625 | Recon 0.009691
Epoch 302 | Train 0.019344 | Val 0.023477 | Pred 0.013011 | Latent 0.001532 | Recon 0.008935
Epoch 303 | Train 0.018860 | Val 0.025376 | Pred 0.014236 | Latent 0.001507 | Recon 0.009633
Epoch 304 | Train 0.018937 | Val 0.023785 | Pred 0.013195 | Latent 0.001505 | Recon 0.009085
Epoch 305 | Train 0.018583 | Val 0.023475 | Pred 0.012790 | Latent 0.001463 | Recon 0.009223
Epoch 306 | Train 0.018599 | Val 0.024390 | Pred 0.013274 | Latent 0.001510 | Recon 0.009606
Epoch 307 | Train 0.019367 | Val 0.029207 | Pred 0.016365 | Latent 0.001987 | Recon 0.010856
Epoch 308 | Train 0.020420 | Val 0.025793 | Pred 0.014386 | Latent 0.001563 | Recon 0.009844
Epoch 309 | Train 0.019506 | Val 0.023322 | Pred 0.012820 | Latent 0.001484 | Recon 0.009018
Epoch 310 | Train 0.019118 | Val 0.025611 | Pred 0.013777 | Latent 0.001661 | Recon 0.010173
Epoch 311 | Train 0.019000 | Val 0.024252 | Pred 0.013230 | Latent 0.001525 | Recon 0.009497
Epoch 312 | Train 0.019086 | Val 0.025411 | Pred 0.014136 | Latent 0.001623 | Recon 0.009652
Epoch 313 | Train 0.018749 | Val 0.027999 | Pred 0.015802 | Latent 0.001706 | Recon 0.010490
Epoch 314 | Train 0.020222 | Val 0.025441 | Pred 0.014018 | Latent 0.001554 | Recon 0.009869
Epoch 315 | Train 0.019254 | Val 0.022483 | Pred 0.012531 | Latent 0.001458 | Recon 0.008493
Epoch 316 | Train 0.019957 | Val 0.028116 | Pred 0.015057 | Latent 0.001739 | Recon 0.011320
Epoch 317 | Train 0.020837 | Val 0.022922 | Pred 0.012544 | Latent 0.001503 | Recon 0.008875
Epoch 318 | Train 0.018506 | Val 0.024922 | Pred 0.013807 | Latent 0.001578 | Recon 0.009537
Epoch 319 | Train 0.018572 | Val 0.024257 | Pred 0.013086 | Latent 0.001591 | Recon 0.009580
Epoch 320 | Train 0.019409 | Val 0.023723 | Pred 0.012947 | Latent 0.001511 | Recon 0.009265
Epoch 321 | Train 0.018227 | Val 0.024859 | Pred 0.013914 | Latent 0.001583 | Recon 0.009362
Epoch 322 | Train 0.019080 | Val 0.026592 | Pred 0.014890 | Latent 0.001642 | Recon 0.010059
Epoch 323 | Train 0.020635 | Val 0.025235 | Pred 0.013987 | Latent 0.001527 | Recon 0.009721
Epoch 324 | Train 0.018375 | Val 0.025916 | Pred 0.014430 | Latent 0.001512 | Recon 0.009975
Epoch 325 | Train 0.018697 | Val 0.027459 | Pred 0.016231 | Latent 0.001609 | Recon 0.009619
Epoch 326 | Train 0.018659 | Val 0.022434 | Pred 0.012484 | Latent 0.001480 | Recon 0.008471
Epoch 327 | Train 0.017970 | Val 0.024852 | Pred 0.013946 | Latent 0.001648 | Recon 0.009257
Epoch 328 | Train 0.018251 | Val 0.027440 | Pred 0.015300 | Latent 0.001688 | Recon 0.010453
Epoch 329 | Train 0.019695 | Val 0.023420 | Pred 0.013055 | Latent 0.001551 | Recon 0.008814
Epoch 330 | Train 0.018542 | Val 0.025898 | Pred 0.014589 | Latent 0.001661 | Recon 0.009648
Epoch 331 | Train 0.019481 | Val 0.022929 | Pred 0.012525 | Latent 0.001566 | Recon 0.008838
Epoch 332 | Train 0.018647 | Val 0.024043 | Pred 0.013163 | Latent 0.001613 | Recon 0.009267
Epoch 333 | Train 0.018745 | Val 0.024409 | Pred 0.013455 | Latent 0.001476 | Recon 0.009478
Epoch 334 | Train 0.018160 | Val 0.024121 | Pred 0.013567 | Latent 0.001533 | Recon 0.009021
Epoch 335 | Train 0.017877 | Val 0.023227 | Pred 0.012716 | Latent 0.001503 | Recon 0.009008
Epoch 336 | Train 0.017548 | Val 0.023186 | Pred 0.012861 | Latent 0.001445 | Recon 0.008880
Epoch 337 | Train 0.017485 | Val 0.022259 | Pred 0.012275 | Latent 0.001446 | Recon 0.008538
Epoch 338 | Train 0.017603 | Val 0.022783 | Pred 0.012654 | Latent 0.001448 | Recon 0.008681
Epoch 339 | Train 0.017870 | Val 0.024324 | Pred 0.013555 | Latent 0.001568 | Recon 0.009202
Epoch 340 | Train 0.018253 | Val 0.028283 | Pred 0.015007 | Latent 0.001625 | Recon 0.011651
Epoch 341 | Train 0.020966 | Val 0.022011 | Pred 0.012006 | Latent 0.001451 | Recon 0.008553
Epoch 342 | Train 0.017465 | Val 0.022833 | Pred 0.012693 | Latent 0.001476 | Recon 0.008663
Epoch 343 | Train 0.017811 | Val 0.021378 | Pred 0.011853 | Latent 0.001398 | Recon 0.008126
Epoch 344 | Train 0.017559 | Val 0.022219 | Pred 0.012569 | Latent 0.001419 | Recon 0.008231
Epoch 345 | Train 0.017789 | Val 0.022781 | Pred 0.012397 | Latent 0.001436 | Recon 0.008948
Epoch 346 | Train 0.017926 | Val 0.023548 | Pred 0.013094 | Latent 0.001475 | Recon 0.008980
Epoch 347 | Train 0.017481 | Val 0.021759 | Pred 0.012042 | Latent 0.001392 | Recon 0.008325
Epoch 348 | Train 0.017376 | Val 0.022033 | Pred 0.011924 | Latent 0.001459 | Recon 0.008650
Epoch 349 | Train 0.017231 | Val 0.025243 | Pred 0.013399 | Latent 0.001668 | Recon 0.010177
Epoch 350 | Train 0.018594 | Val 0.022465 | Pred 0.012289 | Latent 0.001444 | Recon 0.008732
Epoch 351 | Train 0.017170 | Val 0.022253 | Pred 0.012230 | Latent 0.001421 | Recon 0.008603
Epoch 352 | Train 0.016826 | Val 0.021683 | Pred 0.012055 | Latent 0.001453 | Recon 0.008175
Epoch 353 | Train 0.017044 | Val 0.021547 | Pred 0.011713 | Latent 0.001357 | Recon 0.008477
Epoch 354 | Train 0.016602 | Val 0.021939 | Pred 0.012265 | Latent 0.001368 | Recon 0.008306
Epoch 355 | Train 0.017501 | Val 0.025153 | Pred 0.014147 | Latent 0.001463 | Recon 0.009542
Epoch 356 | Train 0.018620 | Val 0.025924 | Pred 0.013802 | Latent 0.001562 | Recon 0.010559
Epoch 357 | Train 0.018152 | Val 0.021818 | Pred 0.012086 | Latent 0.001406 | Recon 0.008327
Epoch 358 | Train 0.016719 | Val 0.022880 | Pred 0.012756 | Latent 0.001429 | Recon 0.008694
Epoch 359 | Train 0.018731 | Val 0.027379 | Pred 0.015167 | Latent 0.001799 | Recon 0.010412
Epoch 360 | Train 0.018668 | Val 0.022621 | Pred 0.012388 | Latent 0.001433 | Recon 0.008801
Epoch 361 | Train 0.016915 | Val 0.024419 | Pred 0.013381 | Latent 0.001528 | Recon 0.009510
Epoch 362 | Train 0.018111 | Val 0.023422 | Pred 0.012702 | Latent 0.001623 | Recon 0.009098
Epoch 363 | Train 0.017712 | Val 0.021576 | Pred 0.011975 | Latent 0.001342 | Recon 0.008259
Epoch 364 | Train 0.016346 | Val 0.021232 | Pred 0.011910 | Latent 0.001367 | Recon 0.007955
Epoch 365 | Train 0.016407 | Val 0.022912 | Pred 0.012467 | Latent 0.001400 | Recon 0.009045
Epoch 366 | Train 0.017253 | Val 0.024329 | Pred 0.013273 | Latent 0.001484 | Recon 0.009572
Epoch 367 | Train 0.019173 | Val 0.026296 | Pred 0.014257 | Latent 0.001711 | Recon 0.010327
Epoch 368 | Train 0.017798 | Val 0.025927 | Pred 0.014626 | Latent 0.001503 | Recon 0.009798
Epoch 369 | Train 0.017783 | Val 0.021408 | Pred 0.011872 | Latent 0.001342 | Recon 0.008194
Epoch 370 | Train 0.017672 | Val 0.024694 | Pred 0.012426 | Latent 0.001844 | Recon 0.010424
Epoch 371 | Train 0.019195 | Val 0.023697 | Pred 0.013713 | Latent 0.001556 | Recon 0.008429
Epoch 372 | Train 0.017418 | Val 0.022700 | Pred 0.012635 | Latent 0.001492 | Recon 0.008573
Epoch 373 | Train 0.016911 | Val 0.021645 | Pred 0.011987 | Latent 0.001382 | Recon 0.008276
Epoch 374 | Train 0.016886 | Val 0.022410 | Pred 0.012406 | Latent 0.001427 | Recon 0.008577
Epoch 375 | Train 0.016669 | Val 0.021970 | Pred 0.012190 | Latent 0.001397 | Recon 0.008383
Epoch 376 | Train 0.016120 | Val 0.022217 | Pred 0.012222 | Latent 0.001358 | Recon 0.008638
Epoch 377 | Train 0.016916 | Val 0.029314 | Pred 0.016748 | Latent 0.001649 | Recon 0.010917
Epoch 378 | Train 0.019252 | Val 0.021629 | Pred 0.012060 | Latent 0.001435 | Recon 0.008134
Epoch 379 | Train 0.016388 | Val 0.021209 | Pred 0.011509 | Latent 0.001376 | Recon 0.008324
Epoch 380 | Train 0.015961 | Val 0.020074 | Pred 0.011221 | Latent 0.001285 | Recon 0.007567
Epoch 381 | Train 0.016090 | Val 0.021034 | Pred 0.011562 | Latent 0.001332 | Recon 0.008139
Epoch 382 | Train 0.016195 | Val 0.023365 | Pred 0.013005 | Latent 0.001390 | Recon 0.008971
Epoch 383 | Train 0.016800 | Val 0.021608 | Pred 0.011984 | Latent 0.001295 | Recon 0.008328
Epoch 384 | Train 0.016904 | Val 0.022464 | Pred 0.012893 | Latent 0.001470 | Recon 0.008101
Epoch 385 | Train 0.017050 | Val 0.023435 | Pred 0.013019 | Latent 0.001318 | Recon 0.009098
Epoch 386 | Train 0.016556 | Val 0.023170 | Pred 0.012452 | Latent 0.001430 | Recon 0.009288
Epoch 387 | Train 0.018075 | Val 0.021755 | Pred 0.012136 | Latent 0.001431 | Recon 0.008189
Epoch 388 | Train 0.016468 | Val 0.022545 | Pred 0.012359 | Latent 0.001338 | Recon 0.008848
Epoch 389 | Train 0.016178 | Val 0.021467 | Pred 0.011718 | Latent 0.001485 | Recon 0.008264
Epoch 390 | Train 0.017050 | Val 0.022511 | Pred 0.012459 | Latent 0.001352 | Recon 0.008701
Epoch 391 | Train 0.016433 | Val 0.021793 | Pred 0.012270 | Latent 0.001356 | Recon 0.008167
Epoch 392 | Train 0.016137 | Val 0.021407 | Pred 0.011757 | Latent 0.001262 | Recon 0.008387
Epoch 393 | Train 0.015693 | Val 0.021335 | Pred 0.011923 | Latent 0.001316 | Recon 0.008096
Epoch 394 | Train 0.015671 | Val 0.021872 | Pred 0.011999 | Latent 0.001311 | Recon 0.008562
Epoch 395 | Train 0.015848 | Val 0.022636 | Pred 0.012237 | Latent 0.001420 | Recon 0.008980
Epoch 396 | Train 0.017887 | Val 0.021793 | Pred 0.012278 | Latent 0.001361 | Recon 0.008153
Epoch 397 | Train 0.016279 | Val 0.020855 | Pred 0.011534 | Latent 0.001329 | Recon 0.007993
Epoch 398 | Train 0.016177 | Val 0.020286 | Pred 0.011231 | Latent 0.001302 | Recon 0.007753
Epoch 399 | Train 0.016119 | Val 0.021656 | Pred 0.011954 | Latent 0.001356 | Recon 0.008345
Epoch 400 | Train 0.015631 | Val 0.020320 | Pred 0.011514 | Latent 0.001315 | Recon 0.007490
Epoch 401 | Train 0.015783 | Val 0.022069 | Pred 0.012254 | Latent 0.001366 | Recon 0.008449
Epoch 402 | Train 0.015843 | Val 0.021373 | Pred 0.012082 | Latent 0.001356 | Recon 0.007935
Epoch 403 | Train 0.016322 | Val 0.024890 | Pred 0.013750 | Latent 0.001474 | Recon 0.009666
Epoch 404 | Train 0.017144 | Val 0.021113 | Pred 0.011526 | Latent 0.001364 | Recon 0.008223
Epoch 405 | Train 0.015926 | Val 0.025290 | Pred 0.014131 | Latent 0.001453 | Recon 0.009706
Epoch 406 | Train 0.016909 | Val 0.025925 | Pred 0.014430 | Latent 0.001552 | Recon 0.009943
Epoch 407 | Train 0.017251 | Val 0.020702 | Pred 0.011502 | Latent 0.001263 | Recon 0.007936
Epoch 408 | Train 0.015536 | Val 0.020100 | Pred 0.011399 | Latent 0.001285 | Recon 0.007417
Epoch 409 | Train 0.015253 | Val 0.020761 | Pred 0.011264 | Latent 0.001325 | Recon 0.008172
Epoch 410 | Train 0.016661 | Val 0.026411 | Pred 0.014496 | Latent 0.001588 | Recon 0.010326
Epoch 411 | Train 0.017942 | Val 0.028649 | Pred 0.015906 | Latent 0.001832 | Recon 0.010911
Epoch 412 | Train 0.018015 | Val 0.025673 | Pred 0.014998 | Latent 0.001509 | Recon 0.009166
Epoch 413 | Train 0.018398 | Val 0.022788 | Pred 0.012844 | Latent 0.001464 | Recon 0.008480
Epoch 414 | Train 0.016352 | Val 0.020880 | Pred 0.011364 | Latent 0.001287 | Recon 0.008230
Epoch 415 | Train 0.015479 | Val 0.020196 | Pred 0.011514 | Latent 0.001308 | Recon 0.007374
Epoch 416 | Train 0.015301 | Val 0.019779 | Pred 0.011011 | Latent 0.001273 | Recon 0.007495
Epoch 417 | Train 0.015335 | Val 0.021785 | Pred 0.011904 | Latent 0.001302 | Recon 0.008579
Epoch 418 | Train 0.016523 | Val 0.021146 | Pred 0.011756 | Latent 0.001388 | Recon 0.008003
Epoch 419 | Train 0.015706 | Val 0.021665 | Pred 0.012402 | Latent 0.001393 | Recon 0.007869
Epoch 420 | Train 0.016394 | Val 0.020656 | Pred 0.011526 | Latent 0.001366 | Recon 0.007764
Epoch 421 | Train 0.017075 | Val 0.023537 | Pred 0.013910 | Latent 0.001407 | Recon 0.008220
Epoch 422 | Train 0.016685 | Val 0.019677 | Pred 0.011162 | Latent 0.001251 | Recon 0.007264
Epoch 423 | Train 0.015925 | Val 0.020556 | Pred 0.011378 | Latent 0.001366 | Recon 0.007811
Epoch 424 | Train 0.015500 | Val 0.020844 | Pred 0.011559 | Latent 0.001394 | Recon 0.007891
Epoch 425 | Train 0.016139 | Val 0.023071 | Pred 0.012305 | Latent 0.001367 | Recon 0.009399
Epoch 426 | Train 0.015737 | Val 0.020758 | Pred 0.011508 | Latent 0.001306 | Recon 0.007945
Epoch 427 | Train 0.016218 | Val 0.021319 | Pred 0.011948 | Latent 0.001275 | Recon 0.008095
Epoch 428 | Train 0.017615 | Val 0.019561 | Pred 0.010804 | Latent 0.001324 | Recon 0.007434
Epoch 429 | Train 0.015126 | Val 0.019870 | Pred 0.011014 | Latent 0.001271 | Recon 0.007585
Epoch 430 | Train 0.014574 | Val 0.020540 | Pred 0.011502 | Latent 0.001208 | Recon 0.007829
Epoch 431 | Train 0.014845 | Val 0.020268 | Pred 0.011014 | Latent 0.001428 | Recon 0.007826
Epoch 432 | Train 0.014979 | Val 0.019886 | Pred 0.011063 | Latent 0.001246 | Recon 0.007576
Epoch 433 | Train 0.014669 | Val 0.022948 | Pred 0.012219 | Latent 0.001345 | Recon 0.009384
Epoch 434 | Train 0.016271 | Val 0.020706 | Pred 0.011431 | Latent 0.001275 | Recon 0.008000
Epoch 435 | Train 0.015945 | Val 0.024805 | Pred 0.014437 | Latent 0.001405 | Recon 0.008963
Epoch 436 | Train 0.016087 | Val 0.021041 | Pred 0.012120 | Latent 0.001281 | Recon 0.007640
Epoch 437 | Train 0.015163 | Val 0.019568 | Pred 0.010633 | Latent 0.001236 | Recon 0.007698
Epoch 438 | Train 0.015461 | Val 0.020465 | Pred 0.011271 | Latent 0.001234 | Recon 0.007959
Epoch 439 | Train 0.015005 | Val 0.020004 | Pred 0.011346 | Latent 0.001248 | Recon 0.007410
Epoch 440 | Train 0.014260 | Val 0.020419 | Pred 0.011132 | Latent 0.001278 | Recon 0.008009
Epoch 441 | Train 0.014726 | Val 0.021220 | Pred 0.011851 | Latent 0.001374 | Recon 0.007995
Epoch 442 | Train 0.016158 | Val 0.027017 | Pred 0.015205 | Latent 0.001497 | Recon 0.010316
Epoch 443 | Train 0.017736 | Val 0.021960 | Pred 0.012289 | Latent 0.001461 | Recon 0.008209
Epoch 444 | Train 0.015805 | Val 0.022631 | Pred 0.012684 | Latent 0.001383 | Recon 0.008564
Epoch 445 | Train 0.017804 | Val 0.020330 | Pred 0.011526 | Latent 0.001337 | Recon 0.007467
Epoch 446 | Train 0.015291 | Val 0.023348 | Pred 0.013785 | Latent 0.001468 | Recon 0.008095
Epoch 447 | Train 0.015734 | Val 0.019008 | Pred 0.010529 | Latent 0.001239 | Recon 0.007239
Epoch 448 | Train 0.014251 | Val 0.031746 | Pred 0.018344 | Latent 0.001446 | Recon 0.011957
Epoch 449 | Train 0.016627 | Val 0.019422 | Pred 0.010767 | Latent 0.001209 | Recon 0.007446
Epoch 450 | Train 0.014057 | Val 0.019040 | Pred 0.010548 | Latent 0.001200 | Recon 0.007292
Epoch 451 | Train 0.014063 | Val 0.019464 | Pred 0.010953 | Latent 0.001206 | Recon 0.007306
Epoch 452 | Train 0.014044 | Val 0.020828 | Pred 0.010978 | Latent 0.001213 | Recon 0.008636
Epoch 453 | Train 0.014684 | Val 0.020722 | Pred 0.011330 | Latent 0.001228 | Recon 0.008164
Epoch 454 | Train 0.014485 | Val 0.019621 | Pred 0.010962 | Latent 0.001226 | Recon 0.007433
Epoch 455 | Train 0.013943 | Val 0.019131 | Pred 0.010686 | Latent 0.001228 | Recon 0.007217
Epoch 456 | Train 0.014453 | Val 0.020202 | Pred 0.011514 | Latent 0.001276 | Recon 0.007412
Epoch 457 | Train 0.014409 | Val 0.018687 | Pred 0.010494 | Latent 0.001219 | Recon 0.006974
Epoch 458 | Train 0.014055 | Val 0.019586 | Pred 0.010618 | Latent 0.001189 | Recon 0.007779
Epoch 459 | Train 0.014387 | Val 0.020801 | Pred 0.011666 | Latent 0.001236 | Recon 0.007899
Epoch 460 | Train 0.017035 | Val 0.019013 | Pred 0.010743 | Latent 0.001225 | Recon 0.007045
Epoch 461 | Train 0.014329 | Val 0.019663 | Pred 0.010946 | Latent 0.001212 | Recon 0.007505
Epoch 462 | Train 0.014389 | Val 0.018988 | Pred 0.010575 | Latent 0.001241 | Recon 0.007172
Epoch 463 | Train 0.015410 | Val 0.026382 | Pred 0.014817 | Latent 0.001793 | Recon 0.009772
Epoch 464 | Train 0.016749 | Val 0.020480 | Pred 0.011361 | Latent 0.001232 | Recon 0.007886
Epoch 465 | Train 0.014984 | Val 0.019860 | Pred 0.011107 | Latent 0.001191 | Recon 0.007561
Epoch 466 | Train 0.013979 | Val 0.020483 | Pred 0.011301 | Latent 0.001232 | Recon 0.007950
Epoch 467 | Train 0.014535 | Val 0.018184 | Pred 0.010210 | Latent 0.001184 | Recon 0.006791
Epoch 468 | Train 0.013893 | Val 0.019652 | Pred 0.010963 | Latent 0.001199 | Recon 0.007490
Epoch 469 | Train 0.015272 | Val 0.019311 | Pred 0.010628 | Latent 0.001195 | Recon 0.007488
Epoch 470 | Train 0.013730 | Val 0.019772 | Pred 0.010768 | Latent 0.001260 | Recon 0.007744
Epoch 471 | Train 0.014654 | Val 0.021170 | Pred 0.011602 | Latent 0.001219 | Recon 0.008349
Epoch 472 | Train 0.014535 | Val 0.018779 | Pred 0.010416 | Latent 0.001156 | Recon 0.007208
Epoch 473 | Train 0.013580 | Val 0.018693 | Pred 0.010315 | Latent 0.001161 | Recon 0.007218
Epoch 474 | Train 0.013581 | Val 0.019995 | Pred 0.010885 | Latent 0.001196 | Recon 0.007915
Epoch 475 | Train 0.014095 | Val 0.018663 | Pred 0.010210 | Latent 0.001147 | Recon 0.007307
Epoch 476 | Train 0.013798 | Val 0.021847 | Pred 0.012115 | Latent 0.001237 | Recon 0.008495
Epoch 477 | Train 0.016094 | Val 0.023457 | Pred 0.013107 | Latent 0.001379 | Recon 0.008971
Epoch 478 | Train 0.017175 | Val 0.023036 | Pred 0.013032 | Latent 0.001448 | Recon 0.008556
Epoch 479 | Train 0.015070 | Val 0.020726 | Pred 0.011166 | Latent 0.001233 | Recon 0.008328
Epoch 480 | Train 0.014360 | Val 0.018426 | Pred 0.010239 | Latent 0.001175 | Recon 0.007011
Epoch 481 | Train 0.015304 | Val 0.018277 | Pred 0.010248 | Latent 0.001181 | Recon 0.006848
Epoch 482 | Train 0.014310 | Val 0.020897 | Pred 0.011837 | Latent 0.001226 | Recon 0.007833
Epoch 483 | Train 0.014201 | Val 0.018783 | Pred 0.010153 | Latent 0.001260 | Recon 0.007370
Epoch 484 | Train 0.014165 | Val 0.018518 | Pred 0.010476 | Latent 0.001173 | Recon 0.006870
Epoch 485 | Train 0.014316 | Val 0.019683 | Pred 0.011092 | Latent 0.001273 | Recon 0.007318
Epoch 486 | Train 0.015534 | Val 0.019129 | Pred 0.010836 | Latent 0.001248 | Recon 0.007046
Epoch 487 | Train 0.014616 | Val 0.020396 | Pred 0.011711 | Latent 0.001258 | Recon 0.007427
Epoch 488 | Train 0.014630 | Val 0.019830 | Pred 0.011170 | Latent 0.001245 | Recon 0.007415
Epoch 489 | Train 0.014161 | Val 0.019082 | Pred 0.010540 | Latent 0.001160 | Recon 0.007382
Epoch 490 | Train 0.013841 | Val 0.021394 | Pred 0.011918 | Latent 0.001253 | Recon 0.008223
Epoch 491 | Train 0.015647 | Val 0.018740 | Pred 0.010638 | Latent 0.001188 | Recon 0.006914
Epoch 492 | Train 0.015504 | Val 0.019880 | Pred 0.011169 | Latent 0.001263 | Recon 0.007447
Epoch 493 | Train 0.014611 | Val 0.019120 | Pred 0.010581 | Latent 0.001173 | Recon 0.007366
Epoch 494 | Train 0.013843 | Val 0.018719 | Pred 0.010375 | Latent 0.001193 | Recon 0.007152
Epoch 495 | Train 0.013782 | Val 0.020213 | Pred 0.011361 | Latent 0.001230 | Recon 0.007622
Epoch 496 | Train 0.013454 | Val 0.018568 | Pred 0.010437 | Latent 0.001153 | Recon 0.006978
Epoch 497 | Train 0.013270 | Val 0.018334 | Pred 0.010151 | Latent 0.001148 | Recon 0.007035
Epoch 498 | Train 0.013866 | Val 0.019521 | Pred 0.010871 | Latent 0.001200 | Recon 0.007450
Epoch 499 | Train 0.013190 | Val 0.018014 | Pred 0.010018 | Latent 0.001092 | Recon 0.006905
Epoch 500 | Train 0.013478 | Val 0.019073 | Pred 0.010766 | Latent 0.001189 | Recon 0.007118
Epoch 501 | Train 0.013395 | Val 0.017970 | Pred 0.009897 | Latent 0.001135 | Recon 0.006938
Epoch 502 | Train 0.013020 | Val 0.019041 | Pred 0.010784 | Latent 0.001184 | Recon 0.007073
Epoch 503 | Train 0.013303 | Val 0.018368 | Pred 0.010327 | Latent 0.001201 | Recon 0.006840
Epoch 504 | Train 0.013583 | Val 0.018948 | Pred 0.010476 | Latent 0.001176 | Recon 0.007296
Epoch 505 | Train 0.013676 | Val 0.018342 | Pred 0.010425 | Latent 0.001166 | Recon 0.006751
Epoch 506 | Train 0.015136 | Val 0.020030 | Pred 0.011115 | Latent 0.001283 | Recon 0.007632
Epoch 507 | Train 0.014106 | Val 0.019377 | Pred 0.010685 | Latent 0.001176 | Recon 0.007516
Epoch 508 | Train 0.013352 | Val 0.017782 | Pred 0.010007 | Latent 0.001146 | Recon 0.006629
Epoch 509 | Train 0.013288 | Val 0.020292 | Pred 0.011518 | Latent 0.001215 | Recon 0.007559
Epoch 510 | Train 0.013214 | Val 0.018601 | Pred 0.010221 | Latent 0.001124 | Recon 0.007256
Epoch 511 | Train 0.013538 | Val 0.020939 | Pred 0.011126 | Latent 0.001305 | Recon 0.008508
Epoch 512 | Train 0.014229 | Val 0.020692 | Pred 0.011450 | Latent 0.001254 | Recon 0.007988
Epoch 513 | Train 0.013528 | Val 0.018077 | Pred 0.010156 | Latent 0.001150 | Recon 0.006771
Epoch 514 | Train 0.013309 | Val 0.019937 | Pred 0.011156 | Latent 0.001231 | Recon 0.007550
Epoch 515 | Train 0.014344 | Val 0.019175 | Pred 0.011051 | Latent 0.001232 | Recon 0.006892
Epoch 516 | Train 0.013954 | Val 0.019983 | Pred 0.011268 | Latent 0.001186 | Recon 0.007529
Epoch 517 | Train 0.013621 | Val 0.018542 | Pred 0.010267 | Latent 0.001191 | Recon 0.007084
Epoch 518 | Train 0.013414 | Val 0.017924 | Pred 0.010021 | Latent 0.001143 | Recon 0.006759
Epoch 519 | Train 0.012688 | Val 0.018098 | Pred 0.010239 | Latent 0.001172 | Recon 0.006688
Epoch 520 | Train 0.013098 | Val 0.019992 | Pred 0.011508 | Latent 0.001182 | Recon 0.007302
Epoch 521 | Train 0.013753 | Val 0.020212 | Pred 0.011768 | Latent 0.001235 | Recon 0.007209
Epoch 522 | Train 0.013354 | Val 0.019864 | Pred 0.010917 | Latent 0.001156 | Recon 0.007791
Epoch 523 | Train 0.013310 | Val 0.018023 | Pred 0.010030 | Latent 0.001122 | Recon 0.006871
Epoch 524 | Train 0.012876 | Val 0.020441 | Pred 0.011643 | Latent 0.001226 | Recon 0.007572
Epoch 525 | Train 0.013872 | Val 0.019358 | Pred 0.010859 | Latent 0.001159 | Recon 0.007339
Epoch 526 | Train 0.013961 | Val 0.019444 | Pred 0.010900 | Latent 0.001169 | Recon 0.007375
Epoch 527 | Train 0.013291 | Val 0.020601 | Pred 0.011415 | Latent 0.001162 | Recon 0.008023
Epoch 528 | Train 0.013178 | Val 0.017772 | Pred 0.010060 | Latent 0.001131 | Recon 0.006581
Epoch 529 | Train 0.012534 | Val 0.019227 | Pred 0.010689 | Latent 0.001153 | Recon 0.007385
Epoch 530 | Train 0.013161 | Val 0.023312 | Pred 0.013276 | Latent 0.001316 | Recon 0.008719
Epoch 531 | Train 0.013932 | Val 0.019460 | Pred 0.010907 | Latent 0.001150 | Recon 0.007403
Epoch 532 | Train 0.013218 | Val 0.019145 | Pred 0.010774 | Latent 0.001173 | Recon 0.007198
Epoch 533 | Train 0.013543 | Val 0.019677 | Pred 0.011164 | Latent 0.001250 | Recon 0.007263
Epoch 534 | Train 0.013311 | Val 0.018584 | Pred 0.010268 | Latent 0.001141 | Recon 0.007175
Epoch 535 | Train 0.014055 | Val 0.025412 | Pred 0.013621 | Latent 0.001589 | Recon 0.010201
Epoch 536 | Train 0.017504 | Val 0.020386 | Pred 0.011728 | Latent 0.001300 | Recon 0.007358
Epoch 537 | Train 0.014685 | Val 0.017953 | Pred 0.009906 | Latent 0.001127 | Recon 0.006920
Epoch 538 | Train 0.013283 | Val 0.019668 | Pred 0.010937 | Latent 0.001225 | Recon 0.007506
Epoch 539 | Train 0.013472 | Val 0.018690 | Pred 0.010459 | Latent 0.001124 | Recon 0.007107
Epoch 540 | Train 0.012884 | Val 0.019115 | Pred 0.010673 | Latent 0.001154 | Recon 0.007287
Epoch 541 | Train 0.012690 | Val 0.018123 | Pred 0.010167 | Latent 0.001085 | Recon 0.006871
Epoch 542 | Train 0.012683 | Val 0.019414 | Pred 0.010844 | Latent 0.001120 | Recon 0.007450
Epoch 543 | Train 0.012828 | Val 0.017337 | Pred 0.009806 | Latent 0.001131 | Recon 0.006400
Epoch 544 | Train 0.013809 | Val 0.022754 | Pred 0.012311 | Latent 0.001586 | Recon 0.008857
Epoch 545 | Train 0.015624 | Val 0.017963 | Pred 0.010106 | Latent 0.001155 | Recon 0.006702
Epoch 546 | Train 0.014960 | Val 0.020547 | Pred 0.011658 | Latent 0.001178 | Recon 0.007711
Epoch 547 | Train 0.013149 | Val 0.017795 | Pred 0.010065 | Latent 0.001131 | Recon 0.006600
Epoch 548 | Train 0.013692 | Val 0.018247 | Pred 0.010580 | Latent 0.001139 | Recon 0.006528
Epoch 549 | Train 0.013121 | Val 0.019742 | Pred 0.011122 | Latent 0.001207 | Recon 0.007413
Epoch 550 | Train 0.013360 | Val 0.017350 | Pred 0.009766 | Latent 0.001077 | Recon 0.006507
Epoch 551 | Train 0.013610 | Val 0.018388 | Pred 0.010235 | Latent 0.001138 | Recon 0.007015
Epoch 552 | Train 0.012621 | Val 0.017945 | Pred 0.010012 | Latent 0.001088 | Recon 0.006844
Epoch 553 | Train 0.012596 | Val 0.017776 | Pred 0.009879 | Latent 0.001081 | Recon 0.006816
Epoch 554 | Train 0.012769 | Val 0.019421 | Pred 0.010635 | Latent 0.001245 | Recon 0.007541
Epoch 555 | Train 0.015925 | Val 0.026123 | Pred 0.015233 | Latent 0.001487 | Recon 0.009403
Epoch 556 | Train 0.015694 | Val 0.019931 | Pred 0.010890 | Latent 0.001238 | Recon 0.007803
Epoch 557 | Train 0.013681 | Val 0.019143 | Pred 0.010488 | Latent 0.001298 | Recon 0.007357
Epoch 558 | Train 0.015104 | Val 0.018158 | Pred 0.010519 | Latent 0.001164 | Recon 0.006475
Epoch 559 | Train 0.013520 | Val 0.019274 | Pred 0.011210 | Latent 0.001267 | Recon 0.006797
Epoch 560 | Train 0.012534 | Val 0.017592 | Pred 0.009885 | Latent 0.001068 | Recon 0.006638
Epoch 561 | Train 0.012433 | Val 0.017221 | Pred 0.009737 | Latent 0.001066 | Recon 0.006418
Epoch 562 | Train 0.011708 | Val 0.017800 | Pred 0.010101 | Latent 0.001108 | Recon 0.006591
Epoch 563 | Train 0.012007 | Val 0.017707 | Pred 0.009854 | Latent 0.001088 | Recon 0.006765
Epoch 564 | Train 0.012113 | Val 0.018484 | Pred 0.010450 | Latent 0.001069 | Recon 0.006965
Epoch 565 | Train 0.012232 | Val 0.016996 | Pred 0.009471 | Latent 0.001073 | Recon 0.006452
Epoch 566 | Train 0.012258 | Val 0.019138 | Pred 0.010781 | Latent 0.001099 | Recon 0.007257
Epoch 567 | Train 0.012728 | Val 0.018145 | Pred 0.010416 | Latent 0.001089 | Recon 0.006640
Epoch 568 | Train 0.012362 | Val 0.020688 | Pred 0.011822 | Latent 0.001119 | Recon 0.007747
Epoch 569 | Train 0.012748 | Val 0.019002 | Pred 0.010811 | Latent 0.001099 | Recon 0.007092
Epoch 570 | Train 0.012835 | Val 0.016987 | Pred 0.009754 | Latent 0.001106 | Recon 0.006127
Epoch 571 | Train 0.012482 | Val 0.017528 | Pred 0.009987 | Latent 0.001096 | Recon 0.006445
Epoch 572 | Train 0.012706 | Val 0.017737 | Pred 0.009956 | Latent 0.001064 | Recon 0.006718
Epoch 573 | Train 0.012397 | Val 0.017962 | Pred 0.010150 | Latent 0.001085 | Recon 0.006727
Epoch 574 | Train 0.012498 | Val 0.017506 | Pred 0.009715 | Latent 0.001098 | Recon 0.006693
Epoch 575 | Train 0.012650 | Val 0.019853 | Pred 0.010950 | Latent 0.001082 | Recon 0.007821
Epoch 576 | Train 0.012587 | Val 0.017150 | Pred 0.009757 | Latent 0.001061 | Recon 0.006332
Epoch 577 | Train 0.011951 | Val 0.016940 | Pred 0.009474 | Latent 0.001034 | Recon 0.006431
Epoch 578 | Train 0.012161 | Val 0.018410 | Pred 0.010278 | Latent 0.001115 | Recon 0.007018
Epoch 579 | Train 0.013259 | Val 0.019327 | Pred 0.011072 | Latent 0.001175 | Recon 0.007079
Epoch 580 | Train 0.013417 | Val 0.018114 | Pred 0.010086 | Latent 0.001136 | Recon 0.006892
Epoch 581 | Train 0.012401 | Val 0.019518 | Pred 0.011012 | Latent 0.001114 | Recon 0.007392
Epoch 582 | Train 0.012604 | Val 0.023454 | Pred 0.013400 | Latent 0.001207 | Recon 0.008848
Epoch 583 | Train 0.015306 | Val 0.020918 | Pred 0.011873 | Latent 0.001270 | Recon 0.007775
Epoch 584 | Train 0.013495 | Val 0.018876 | Pred 0.010797 | Latent 0.001132 | Recon 0.006947
Epoch 585 | Train 0.012111 | Val 0.017823 | Pred 0.010069 | Latent 0.001070 | Recon 0.006685
Epoch 586 | Train 0.012250 | Val 0.018525 | Pred 0.010583 | Latent 0.001121 | Recon 0.006821
Epoch 587 | Train 0.012342 | Val 0.018814 | Pred 0.010651 | Latent 0.001090 | Recon 0.007073
Epoch 588 | Train 0.012697 | Val 0.017534 | Pred 0.009984 | Latent 0.001056 | Recon 0.006493
Epoch 589 | Train 0.012247 | Val 0.018195 | Pred 0.010431 | Latent 0.001077 | Recon 0.006687
Epoch 590 | Train 0.012513 | Val 0.018896 | Pred 0.010458 | Latent 0.001141 | Recon 0.007297
Epoch 591 | Train 0.012762 | Val 0.019564 | Pred 0.011143 | Latent 0.001127 | Recon 0.007293
Epoch 592 | Train 0.012855 | Val 0.019352 | Pred 0.010872 | Latent 0.001162 | Recon 0.007318
Epoch 593 | Train 0.012635 | Val 0.017856 | Pred 0.010007 | Latent 0.001047 | Recon 0.006802
Epoch 594 | Train 0.012019 | Val 0.017698 | Pred 0.010042 | Latent 0.001069 | Recon 0.006586
Epoch 595 | Train 0.012186 | Val 0.018005 | Pred 0.010254 | Latent 0.001065 | Recon 0.006686
Epoch 596 | Train 0.011997 | Val 0.017166 | Pred 0.009835 | Latent 0.001075 | Recon 0.006256
Epoch 597 | Train 0.012140 | Val 0.016814 | Pred 0.009624 | Latent 0.001082 | Recon 0.006108
Epoch 598 | Train 0.011765 | Val 0.018710 | Pred 0.010207 | Latent 0.001066 | Recon 0.007436
Epoch 599 | Train 0.012385 | Val 0.018054 | Pred 0.010242 | Latent 0.001088 | Recon 0.006724
Epoch 600 | Train 0.011740 | Val 0.016253 | Pred 0.009063 | Latent 0.001024 | Recon 0.006166
Epoch 601 | Train 0.011781 | Val 0.016834 | Pred 0.009383 | Latent 0.001044 | Recon 0.006407
Epoch 602 | Train 0.011835 | Val 0.016195 | Pred 0.009068 | Latent 0.001011 | Recon 0.006117
Epoch 603 | Train 0.011663 | Val 0.016514 | Pred 0.009284 | Latent 0.001060 | Recon 0.006170
Epoch 604 | Train 0.011956 | Val 0.018778 | Pred 0.010736 | Latent 0.001086 | Recon 0.006955
Epoch 605 | Train 0.012750 | Val 0.018233 | Pred 0.010403 | Latent 0.001112 | Recon 0.006718
Epoch 606 | Train 0.013040 | Val 0.019417 | Pred 0.011010 | Latent 0.001151 | Recon 0.007256
Epoch 607 | Train 0.013524 | Val 0.020241 | Pred 0.011650 | Latent 0.001322 | Recon 0.007269
Epoch 608 | Train 0.015945 | Val 0.021231 | Pred 0.012317 | Latent 0.001326 | Recon 0.007587
Epoch 609 | Train 0.014345 | Val 0.025820 | Pred 0.014611 | Latent 0.001890 | Recon 0.009319
Epoch 610 | Train 0.016132 | Val 0.019108 | Pred 0.011103 | Latent 0.001217 | Recon 0.006788
Epoch 611 | Train 0.012703 | Val 0.018379 | Pred 0.010349 | Latent 0.001118 | Recon 0.006912
Epoch 612 | Train 0.013137 | Val 0.016821 | Pred 0.009526 | Latent 0.001055 | Recon 0.006240
Epoch 613 | Train 0.011719 | Val 0.016440 | Pred 0.009246 | Latent 0.001052 | Recon 0.006142
Epoch 614 | Train 0.015467 | Val 0.019886 | Pred 0.011617 | Latent 0.001265 | Recon 0.007005
Epoch 615 | Train 0.012949 | Val 0.017482 | Pred 0.009902 | Latent 0.001148 | Recon 0.006433
Epoch 616 | Train 0.012970 | Val 0.017449 | Pred 0.010233 | Latent 0.001111 | Recon 0.006105
Epoch 617 | Train 0.013365 | Val 0.018505 | Pred 0.010475 | Latent 0.001096 | Recon 0.006934
Epoch 618 | Train 0.012033 | Val 0.017563 | Pred 0.009846 | Latent 0.001076 | Recon 0.006641
Epoch 619 | Train 0.011867 | Val 0.017847 | Pred 0.010001 | Latent 0.001137 | Recon 0.006709
Epoch 620 | Train 0.013008 | Val 0.017665 | Pred 0.009877 | Latent 0.001064 | Recon 0.006724
Epoch 621 | Train 0.012420 | Val 0.017501 | Pred 0.010038 | Latent 0.001092 | Recon 0.006372
Epoch 622 | Train 0.012059 | Val 0.017307 | Pred 0.009893 | Latent 0.001083 | Recon 0.006331
Epoch 623 | Train 0.011874 | Val 0.017038 | Pred 0.009636 | Latent 0.001077 | Recon 0.006325
Epoch 624 | Train 0.011587 | Val 0.016744 | Pred 0.009457 | Latent 0.001038 | Recon 0.006249
Epoch 625 | Train 0.011401 | Val 0.018197 | Pred 0.010258 | Latent 0.001044 | Recon 0.006895
Epoch 626 | Train 0.011798 | Val 0.017974 | Pred 0.010103 | Latent 0.001039 | Recon 0.006832
Epoch 627 | Train 0.011959 | Val 0.022176 | Pred 0.011922 | Latent 0.001300 | Recon 0.008954
Epoch 628 | Train 0.014801 | Val 0.017891 | Pred 0.010136 | Latent 0.001091 | Recon 0.006664
Epoch 629 | Train 0.012216 | Val 0.021357 | Pred 0.011759 | Latent 0.001100 | Recon 0.008498
Epoch 630 | Train 0.013094 | Val 0.018261 | Pred 0.010230 | Latent 0.001082 | Recon 0.006949
Epoch 631 | Train 0.012014 | Val 0.017022 | Pred 0.009538 | Latent 0.001066 | Recon 0.006419
Epoch 632 | Train 0.011432 | Val 0.017483 | Pred 0.009552 | Latent 0.001051 | Recon 0.006880
Epoch 633 | Train 0.011963 | Val 0.016469 | Pred 0.009295 | Latent 0.001039 | Recon 0.006136
Epoch 634 | Train 0.011553 | Val 0.017070 | Pred 0.009488 | Latent 0.001057 | Recon 0.006525
Epoch 635 | Train 0.011789 | Val 0.018352 | Pred 0.010585 | Latent 0.001076 | Recon 0.006691
Epoch 636 | Train 0.012518 | Val 0.021026 | Pred 0.011217 | Latent 0.001111 | Recon 0.008698
Epoch 637 | Train 0.012667 | Val 0.016049 | Pred 0.009174 | Latent 0.001026 | Recon 0.005849
Epoch 638 | Train 0.011620 | Val 0.016205 | Pred 0.009315 | Latent 0.001023 | Recon 0.005867
Epoch 639 | Train 0.011339 | Val 0.017569 | Pred 0.010125 | Latent 0.001033 | Recon 0.006411
Epoch 640 | Train 0.011609 | Val 0.017729 | Pred 0.010129 | Latent 0.001041 | Recon 0.006559
Epoch 641 | Train 0.011629 | Val 0.016177 | Pred 0.009172 | Latent 0.000980 | Recon 0.006025
Epoch 642 | Train 0.011233 | Val 0.016174 | Pred 0.009099 | Latent 0.001021 | Recon 0.006054
Epoch 643 | Train 0.011280 | Val 0.017065 | Pred 0.009681 | Latent 0.000990 | Recon 0.006394
Epoch 644 | Train 0.011623 | Val 0.016693 | Pred 0.009477 | Latent 0.001040 | Recon 0.006176
Epoch 645 | Train 0.011686 | Val 0.016611 | Pred 0.009658 | Latent 0.001020 | Recon 0.005933
Epoch 646 | Train 0.011726 | Val 0.017719 | Pred 0.010088 | Latent 0.001050 | Recon 0.006581
Epoch 647 | Train 0.012065 | Val 0.017591 | Pred 0.009946 | Latent 0.001037 | Recon 0.006608
Epoch 648 | Train 0.011945 | Val 0.017657 | Pred 0.009948 | Latent 0.001068 | Recon 0.006641
Epoch 649 | Train 0.012965 | Val 0.023962 | Pred 0.013232 | Latent 0.001542 | Recon 0.009189
Epoch 650 | Train 0.016834 | Val 0.022080 | Pred 0.012439 | Latent 0.001360 | Recon 0.008282
Epoch 651 | Train 0.016813 | Val 0.022153 | Pred 0.012564 | Latent 0.001408 | Recon 0.008181
Epoch 652 | Train 0.014089 | Val 0.018571 | Pred 0.010756 | Latent 0.001202 | Recon 0.006613
Epoch 653 | Train 0.012597 | Val 0.017926 | Pred 0.010069 | Latent 0.001158 | Recon 0.006699
Epoch 654 | Train 0.013419 | Val 0.016275 | Pred 0.009337 | Latent 0.001075 | Recon 0.005863
Epoch 655 | Train 0.013959 | Val 0.017025 | Pred 0.009629 | Latent 0.001154 | Recon 0.006243
Epoch 656 | Train 0.011642 | Val 0.017636 | Pred 0.009869 | Latent 0.001125 | Recon 0.006641
Epoch 657 | Train 0.011660 | Val 0.016111 | Pred 0.009152 | Latent 0.000997 | Recon 0.005963
Epoch 658 | Train 0.010776 | Val 0.015744 | Pred 0.008898 | Latent 0.000974 | Recon 0.005872
Epoch 659 | Train 0.010826 | Val 0.015572 | Pred 0.008934 | Latent 0.000974 | Recon 0.005664
Epoch 660 | Train 0.010933 | Val 0.016400 | Pred 0.009346 | Latent 0.000986 | Recon 0.006069
Epoch 661 | Train 0.010844 | Val 0.016353 | Pred 0.009291 | Latent 0.000994 | Recon 0.006069
Epoch 662 | Train 0.011241 | Val 0.016146 | Pred 0.009013 | Latent 0.000981 | Recon 0.006152
Epoch 663 | Train 0.010977 | Val 0.015951 | Pred 0.008939 | Latent 0.000986 | Recon 0.006026
Epoch 664 | Train 0.011131 | Val 0.016835 | Pred 0.009406 | Latent 0.001043 | Recon 0.006386
Epoch 665 | Train 0.011675 | Val 0.015668 | Pred 0.008912 | Latent 0.000980 | Recon 0.005776
Epoch 666 | Train 0.011188 | Val 0.017972 | Pred 0.009934 | Latent 0.001024 | Recon 0.007014
Epoch 667 | Train 0.013279 | Val 0.019715 | Pred 0.011200 | Latent 0.001197 | Recon 0.007318
Epoch 668 | Train 0.015152 | Val 0.024717 | Pred 0.014515 | Latent 0.001482 | Recon 0.008719
Epoch 669 | Train 0.014487 | Val 0.021722 | Pred 0.012193 | Latent 0.001339 | Recon 0.008190
Epoch 670 | Train 0.013625 | Val 0.018156 | Pred 0.010342 | Latent 0.001193 | Recon 0.006621
Epoch 671 | Train 0.013175 | Val 0.017930 | Pred 0.010458 | Latent 0.001124 | Recon 0.006348
Epoch 672 | Train 0.012376 | Val 0.017895 | Pred 0.009934 | Latent 0.001135 | Recon 0.006826
Epoch 673 | Train 0.012272 | Val 0.015573 | Pred 0.008903 | Latent 0.000990 | Recon 0.005681
Epoch 674 | Train 0.011611 | Val 0.017395 | Pred 0.009928 | Latent 0.001006 | Recon 0.006461
Epoch 675 | Train 0.011023 | Val 0.015303 | Pred 0.008655 | Latent 0.000984 | Recon 0.005664
Epoch 676 | Train 0.010689 | Val 0.016364 | Pred 0.009227 | Latent 0.000975 | Recon 0.006163
Epoch 677 | Train 0.011085 | Val 0.016110 | Pred 0.009076 | Latent 0.000979 | Recon 0.006054
Epoch 678 | Train 0.010924 | Val 0.015538 | Pred 0.008857 | Latent 0.000964 | Recon 0.005717
Epoch 679 | Train 0.011129 | Val 0.016235 | Pred 0.009060 | Latent 0.000967 | Recon 0.006208
Epoch 680 | Train 0.010615 | Val 0.015763 | Pred 0.008928 | Latent 0.000978 | Recon 0.005857
Epoch 681 | Train 0.010850 | Val 0.016810 | Pred 0.009843 | Latent 0.001029 | Recon 0.005937
Epoch 682 | Train 0.011369 | Val 0.016674 | Pred 0.009443 | Latent 0.000993 | Recon 0.006238
Epoch 683 | Train 0.011230 | Val 0.018303 | Pred 0.010133 | Latent 0.001017 | Recon 0.007154
Epoch 684 | Train 0.011661 | Val 0.017788 | Pred 0.010158 | Latent 0.001012 | Recon 0.006617
Epoch 685 | Train 0.011230 | Val 0.016117 | Pred 0.009087 | Latent 0.000973 | Recon 0.006057
Epoch 686 | Train 0.011373 | Val 0.019721 | Pred 0.011167 | Latent 0.001059 | Recon 0.007495
Epoch 687 | Train 0.011621 | Val 0.016867 | Pred 0.009705 | Latent 0.001019 | Recon 0.006143
Epoch 688 | Train 0.011175 | Val 0.016708 | Pred 0.009294 | Latent 0.001010 | Recon 0.006404
Epoch 689 | Train 0.011350 | Val 0.016910 | Pred 0.009489 | Latent 0.001025 | Recon 0.006396
Epoch 690 | Train 0.011569 | Val 0.017493 | Pred 0.009832 | Latent 0.001018 | Recon 0.006643
Epoch 691 | Train 0.011283 | Val 0.016071 | Pred 0.009106 | Latent 0.000966 | Recon 0.005999
Epoch 692 | Train 0.011079 | Val 0.016068 | Pred 0.009330 | Latent 0.000984 | Recon 0.005754
Epoch 693 | Train 0.011598 | Val 0.016146 | Pred 0.009358 | Latent 0.000971 | Recon 0.005817
Epoch 694 | Train 0.010986 | Val 0.015542 | Pred 0.008909 | Latent 0.000984 | Recon 0.005650
Epoch 695 | Train 0.010905 | Val 0.016303 | Pred 0.009174 | Latent 0.000981 | Recon 0.006148
Epoch 696 | Train 0.011479 | Val 0.017117 | Pred 0.009601 | Latent 0.001043 | Recon 0.006473
Epoch 697 | Train 0.011517 | Val 0.017563 | Pred 0.009994 | Latent 0.001003 | Recon 0.006566
Epoch 698 | Train 0.011301 | Val 0.017538 | Pred 0.010071 | Latent 0.000991 | Recon 0.006477
Epoch 699 | Train 0.011558 | Val 0.019082 | Pred 0.011028 | Latent 0.001044 | Recon 0.007010
Epoch 700 | Train 0.012513 | Val 0.016535 | Pred 0.009508 | Latent 0.001038 | Recon 0.005988
Epoch 701 | Train 0.011203 | Val 0.017232 | Pred 0.009841 | Latent 0.001047 | Recon 0.006344
Epoch 702 | Train 0.011143 | Val 0.016051 | Pred 0.009097 | Latent 0.000974 | Recon 0.005979
Epoch 703 | Train 0.011006 | Val 0.016882 | Pred 0.009377 | Latent 0.001005 | Recon 0.006500
Epoch 704 | Train 0.011001 | Val 0.015582 | Pred 0.008972 | Latent 0.001000 | Recon 0.005610
Epoch 705 | Train 0.011343 | Val 0.016808 | Pred 0.009632 | Latent 0.001007 | Recon 0.006170
Epoch 706 | Train 0.011015 | Val 0.016857 | Pred 0.009573 | Latent 0.001007 | Recon 0.006277
Epoch 707 | Train 0.011205 | Val 0.017109 | Pred 0.009451 | Latent 0.000997 | Recon 0.006661
Epoch 708 | Train 0.011922 | Val 0.018233 | Pred 0.010263 | Latent 0.001107 | Recon 0.006863
Epoch 709 | Train 0.012017 | Val 0.017473 | Pred 0.009856 | Latent 0.001019 | Recon 0.006598
Epoch 710 | Train 0.011215 | Val 0.017451 | Pred 0.009723 | Latent 0.001020 | Recon 0.006708
Epoch 711 | Train 0.011317 | Val 0.017960 | Pred 0.010162 | Latent 0.001005 | Recon 0.006794
Epoch 712 | Train 0.011472 | Val 0.016475 | Pred 0.009475 | Latent 0.000995 | Recon 0.006005
Epoch 713 | Train 0.011257 | Val 0.017457 | Pred 0.009957 | Latent 0.000991 | Recon 0.006510
Epoch 714 | Train 0.011207 | Val 0.016480 | Pred 0.009314 | Latent 0.000967 | Recon 0.006199
Epoch 715 | Train 0.011346 | Val 0.016764 | Pred 0.009618 | Latent 0.001018 | Recon 0.006128
Epoch 716 | Train 0.011216 | Val 0.017174 | Pred 0.009535 | Latent 0.000987 | Recon 0.006652
Epoch 717 | Train 0.011358 | Val 0.016751 | Pred 0.009342 | Latent 0.000960 | Recon 0.006449
Epoch 718 | Train 0.011145 | Val 0.016323 | Pred 0.009351 | Latent 0.000975 | Recon 0.005996
Epoch 719 | Train 0.010803 | Val 0.015663 | Pred 0.008791 | Latent 0.000952 | Recon 0.005919
Epoch 720 | Train 0.010903 | Val 0.016988 | Pred 0.009700 | Latent 0.000981 | Recon 0.006306
Epoch 721 | Train 0.010935 | Val 0.015896 | Pred 0.008925 | Latent 0.000968 | Recon 0.006003
Epoch 722 | Train 0.010668 | Val 0.017545 | Pred 0.009913 | Latent 0.000977 | Recon 0.006655
Epoch 723 | Train 0.010916 | Val 0.016682 | Pred 0.009347 | Latent 0.001013 | Recon 0.006322
Epoch 724 | Train 0.010940 | Val 0.016770 | Pred 0.009448 | Latent 0.000965 | Recon 0.006357
Epoch 725 | Train 0.011442 | Val 0.016706 | Pred 0.009212 | Latent 0.000959 | Recon 0.006535
Epoch 726 | Train 0.010671 | Val 0.015904 | Pred 0.009093 | Latent 0.000963 | Recon 0.005848
Epoch 727 | Train 0.010780 | Val 0.015626 | Pred 0.008943 | Latent 0.000945 | Recon 0.005738
Epoch 728 | Train 0.010715 | Val 0.015637 | Pred 0.009048 | Latent 0.000961 | Recon 0.005627
Epoch 729 | Train 0.010559 | Val 0.015641 | Pred 0.008858 | Latent 0.000937 | Recon 0.005846
Epoch 730 | Train 0.010621 | Val 0.016236 | Pred 0.009210 | Latent 0.000961 | Recon 0.006064
Epoch 731 | Train 0.011008 | Val 0.017204 | Pred 0.009545 | Latent 0.000974 | Recon 0.006685
Epoch 732 | Train 0.011292 | Val 0.016470 | Pred 0.009483 | Latent 0.000965 | Recon 0.006023
Epoch 733 | Train 0.011443 | Val 0.018705 | Pred 0.010602 | Latent 0.001244 | Recon 0.006860
Epoch 734 | Train 0.013990 | Val 0.020990 | Pred 0.011831 | Latent 0.001269 | Recon 0.007890
Epoch 735 | Train 0.013981 | Val 0.018533 | Pred 0.010686 | Latent 0.001180 | Recon 0.006667
Epoch 736 | Train 0.012767 | Val 0.023489 | Pred 0.013297 | Latent 0.001533 | Recon 0.008660
Epoch 737 | Train 0.014489 | Val 0.017349 | Pred 0.010432 | Latent 0.001117 | Recon 0.005801
Epoch 738 | Train 0.011684 | Val 0.016546 | Pred 0.009500 | Latent 0.001010 | Recon 0.006036
Epoch 739 | Train 0.010775 | Val 0.017631 | Pred 0.009525 | Latent 0.001074 | Recon 0.007032
Epoch 740 | Train 0.012799 | Val 0.016435 | Pred 0.009234 | Latent 0.000968 | Recon 0.006233
Epoch 741 | Train 0.010675 | Val 0.015297 | Pred 0.008577 | Latent 0.000947 | Recon 0.005774
Epoch 742 | Train 0.010340 | Val 0.015476 | Pred 0.008720 | Latent 0.000925 | Recon 0.005831
Epoch 743 | Train 0.011138 | Val 0.015435 | Pred 0.008934 | Latent 0.000927 | Recon 0.005574
Epoch 744 | Train 0.012707 | Val 0.016233 | Pred 0.009186 | Latent 0.001035 | Recon 0.006012
Epoch 745 | Train 0.011714 | Val 0.018507 | Pred 0.010241 | Latent 0.001076 | Recon 0.007190
Epoch 746 | Train 0.012296 | Val 0.019453 | Pred 0.011178 | Latent 0.001221 | Recon 0.007054
Epoch 747 | Train 0.013631 | Val 0.018378 | Pred 0.010425 | Latent 0.001178 | Recon 0.006775
Epoch 748 | Train 0.013412 | Val 0.015303 | Pred 0.008649 | Latent 0.000978 | Recon 0.005675
Epoch 749 | Train 0.011027 | Val 0.016154 | Pred 0.009158 | Latent 0.000983 | Recon 0.006014
Epoch 750 | Train 0.011123 | Val 0.020300 | Pred 0.011596 | Latent 0.001233 | Recon 0.007471
Epoch 751 | Train 0.012449 | Val 0.014759 | Pred 0.008422 | Latent 0.000902 | Recon 0.005436
Epoch 752 | Train 0.011099 | Val 0.016811 | Pred 0.009337 | Latent 0.001097 | Recon 0.006377
Epoch 753 | Train 0.011476 | Val 0.015406 | Pred 0.008905 | Latent 0.000966 | Recon 0.005536
Epoch 754 | Train 0.010819 | Val 0.016220 | Pred 0.009391 | Latent 0.000976 | Recon 0.005853
Epoch 755 | Train 0.010627 | Val 0.016059 | Pred 0.009018 | Latent 0.001000 | Recon 0.006041
Epoch 756 | Train 0.010262 | Val 0.015265 | Pred 0.008627 | Latent 0.000964 | Recon 0.005674
Epoch 757 | Train 0.010412 | Val 0.015536 | Pred 0.008903 | Latent 0.000964 | Recon 0.005669
Epoch 758 | Train 0.010438 | Val 0.015722 | Pred 0.008848 | Latent 0.000925 | Recon 0.005949
Epoch 759 | Train 0.010413 | Val 0.015699 | Pred 0.008882 | Latent 0.000957 | Recon 0.005860
Epoch 760 | Train 0.010488 | Val 0.015196 | Pred 0.008762 | Latent 0.000924 | Recon 0.005510
Epoch 761 | Train 0.010548 | Val 0.017478 | Pred 0.009807 | Latent 0.000981 | Recon 0.006690
Epoch 762 | Train 0.011019 | Val 0.015306 | Pred 0.008665 | Latent 0.000941 | Recon 0.005700
Epoch 763 | Train 0.010420 | Val 0.015329 | Pred 0.008815 | Latent 0.000941 | Recon 0.005573
Epoch 764 | Train 0.010388 | Val 0.015187 | Pred 0.008561 | Latent 0.000945 | Recon 0.005681
Epoch 765 | Train 0.010518 | Val 0.015847 | Pred 0.008980 | Latent 0.000929 | Recon 0.005937
Epoch 766 | Train 0.010809 | Val 0.017235 | Pred 0.009694 | Latent 0.001054 | Recon 0.006488
Epoch 767 | Train 0.011287 | Val 0.017910 | Pred 0.009914 | Latent 0.001074 | Recon 0.006923
Epoch 768 | Train 0.011924 | Val 0.015953 | Pred 0.009066 | Latent 0.000996 | Recon 0.005891
Epoch 769 | Train 0.010893 | Val 0.015642 | Pred 0.008965 | Latent 0.000987 | Recon 0.005689
Epoch 770 | Train 0.010966 | Val 0.017149 | Pred 0.009809 | Latent 0.001052 | Recon 0.006288
Epoch 771 | Train 0.011844 | Val 0.015662 | Pred 0.008931 | Latent 0.001013 | Recon 0.005718
Epoch 772 | Train 0.011328 | Val 0.018803 | Pred 0.011046 | Latent 0.001065 | Recon 0.006692
Epoch 773 | Train 0.011805 | Val 0.016124 | Pred 0.009216 | Latent 0.000991 | Recon 0.005916
Epoch 774 | Train 0.011372 | Val 0.015879 | Pred 0.009085 | Latent 0.000966 | Recon 0.005827
Epoch 775 | Train 0.010862 | Val 0.016299 | Pred 0.009287 | Latent 0.000962 | Recon 0.006049
Epoch 776 | Train 0.013010 | Val 0.018881 | Pred 0.011120 | Latent 0.001255 | Recon 0.006505
Epoch 777 | Train 0.012863 | Val 0.026281 | Pred 0.014880 | Latent 0.001536 | Recon 0.009865
Epoch 778 | Train 0.014661 | Val 0.017593 | Pred 0.009770 | Latent 0.001079 | Recon 0.006744
Epoch 779 | Train 0.011354 | Val 0.017351 | Pred 0.010281 | Latent 0.001046 | Recon 0.006024
Epoch 780 | Train 0.012628 | Val 0.022966 | Pred 0.012754 | Latent 0.001395 | Recon 0.008817
Epoch 781 | Train 0.013897 | Val 0.016140 | Pred 0.009382 | Latent 0.000980 | Recon 0.005778
Epoch 782 | Train 0.010877 | Val 0.015310 | Pred 0.008764 | Latent 0.000939 | Recon 0.005607
Epoch 783 | Train 0.010543 | Val 0.015753 | Pred 0.009112 | Latent 0.000962 | Recon 0.005679
Epoch 784 | Train 0.011501 | Val 0.016236 | Pred 0.009141 | Latent 0.000979 | Recon 0.006116
Epoch 785 | Train 0.010543 | Val 0.016190 | Pred 0.009382 | Latent 0.000958 | Recon 0.005850
Epoch 786 | Train 0.010284 | Val 0.014674 | Pred 0.008374 | Latent 0.000884 | Recon 0.005416
Epoch 787 | Train 0.011622 | Val 0.024283 | Pred 0.013585 | Latent 0.001524 | Recon 0.009175
Epoch 788 | Train 0.015463 | Val 0.016123 | Pred 0.009309 | Latent 0.001028 | Recon 0.005786
Epoch 789 | Train 0.010963 | Val 0.014881 | Pred 0.008426 | Latent 0.000934 | Recon 0.005520
Epoch 790 | Train 0.010396 | Val 0.015434 | Pred 0.008762 | Latent 0.000932 | Recon 0.005739
Epoch 791 | Train 0.011407 | Val 0.015989 | Pred 0.009254 | Latent 0.000959 | Recon 0.005776
Epoch 792 | Train 0.012257 | Val 0.015498 | Pred 0.008816 | Latent 0.000957 | Recon 0.005725
Epoch 793 | Train 0.010189 | Val 0.014800 | Pred 0.008353 | Latent 0.000935 | Recon 0.005512
Epoch 794 | Train 0.011454 | Val 0.016481 | Pred 0.009386 | Latent 0.000986 | Recon 0.006108
Epoch 795 | Train 0.013134 | Val 0.017694 | Pred 0.010093 | Latent 0.001127 | Recon 0.006474
Epoch 796 | Train 0.014599 | Val 0.016160 | Pred 0.009388 | Latent 0.001063 | Recon 0.005709
Epoch 797 | Train 0.011744 | Val 0.016308 | Pred 0.009296 | Latent 0.001016 | Recon 0.005997
Epoch 798 | Train 0.010973 | Val 0.016162 | Pred 0.009293 | Latent 0.000987 | Recon 0.005881
Epoch 799 | Train 0.011055 | Val 0.015377 | Pred 0.008724 | Latent 0.000923 | Recon 0.005730
Epoch 800 | Train 0.011055 | Val 0.014534 | Pred 0.008359 | Latent 0.000899 | Recon 0.005276
Epoch 801 | Train 0.010647 | Val 0.018740 | Pred 0.009580 | Latent 0.001156 | Recon 0.008004
Epoch 802 | Train 0.012337 | Val 0.017057 | Pred 0.009702 | Latent 0.001068 | Recon 0.006288
Epoch 803 | Train 0.010795 | Val 0.017563 | Pred 0.010059 | Latent 0.000927 | Recon 0.006577
Epoch 804 | Train 0.010407 | Val 0.014875 | Pred 0.008363 | Latent 0.000898 | Recon 0.005614
Epoch 805 | Train 0.010409 | Val 0.016711 | Pred 0.009202 | Latent 0.001088 | Recon 0.006422
Epoch 806 | Train 0.013103 | Val 0.015713 | Pred 0.009022 | Latent 0.000966 | Recon 0.005725
Epoch 807 | Train 0.011604 | Val 0.015075 | Pred 0.008705 | Latent 0.000956 | Recon 0.005414
Epoch 808 | Train 0.010792 | Val 0.015559 | Pred 0.009055 | Latent 0.000968 | Recon 0.005536
Epoch 809 | Train 0.010116 | Val 0.014225 | Pred 0.008141 | Latent 0.000906 | Recon 0.005179
Epoch 810 | Train 0.011282 | Val 0.018136 | Pred 0.010002 | Latent 0.001213 | Recon 0.006921
Epoch 811 | Train 0.011891 | Val 0.016625 | Pred 0.009497 | Latent 0.000945 | Recon 0.006184
Epoch 812 | Train 0.010804 | Val 0.015863 | Pred 0.008787 | Latent 0.000986 | Recon 0.006090
Epoch 813 | Train 0.011747 | Val 0.015772 | Pred 0.009139 | Latent 0.000911 | Recon 0.005721
Epoch 814 | Train 0.010497 | Val 0.014596 | Pred 0.008352 | Latent 0.000906 | Recon 0.005338
Epoch 815 | Train 0.009969 | Val 0.015962 | Pred 0.008758 | Latent 0.000961 | Recon 0.006243
Epoch 816 | Train 0.011793 | Val 0.018298 | Pred 0.010377 | Latent 0.001073 | Recon 0.006849
Epoch 817 | Train 0.011604 | Val 0.018897 | Pred 0.010449 | Latent 0.001282 | Recon 0.007167
Epoch 818 | Train 0.013862 | Val 0.015541 | Pred 0.009090 | Latent 0.000993 | Recon 0.005458
Epoch 819 | Train 0.012845 | Val 0.021545 | Pred 0.012338 | Latent 0.001389 | Recon 0.007817
Epoch 820 | Train 0.015451 | Val 0.016817 | Pred 0.009711 | Latent 0.001083 | Recon 0.006023
Epoch 821 | Train 0.011560 | Val 0.016055 | Pred 0.009245 | Latent 0.000990 | Recon 0.005819
Epoch 822 | Train 0.011260 | Val 0.015380 | Pred 0.008688 | Latent 0.000950 | Recon 0.005742
Epoch 823 | Train 0.010399 | Val 0.015724 | Pred 0.008809 | Latent 0.000960 | Recon 0.005955
Epoch 824 | Train 0.010565 | Val 0.015330 | Pred 0.008799 | Latent 0.000945 | Recon 0.005585
Epoch 825 | Train 0.010363 | Val 0.018175 | Pred 0.010053 | Latent 0.001149 | Recon 0.006973
Epoch 826 | Train 0.012788 | Val 0.019241 | Pred 0.011427 | Latent 0.001253 | Recon 0.006561
Epoch 827 | Train 0.011178 | Val 0.014743 | Pred 0.008400 | Latent 0.000931 | Recon 0.005412
Epoch 828 | Train 0.010393 | Val 0.015620 | Pred 0.008897 | Latent 0.000952 | Recon 0.005771
Epoch 829 | Train 0.010475 | Val 0.015067 | Pred 0.008423 | Latent 0.000926 | Recon 0.005718
Epoch 830 | Train 0.010076 | Val 0.014538 | Pred 0.008274 | Latent 0.000883 | Recon 0.005380
Epoch 831 | Train 0.012019 | Val 0.016233 | Pred 0.009291 | Latent 0.001028 | Recon 0.005913
Epoch 832 | Train 0.010509 | Val 0.015275 | Pred 0.008668 | Latent 0.000921 | Recon 0.005686
Epoch 833 | Train 0.010090 | Val 0.014859 | Pred 0.008292 | Latent 0.000882 | Recon 0.005686
Epoch 834 | Train 0.010608 | Val 0.014494 | Pred 0.008341 | Latent 0.000894 | Recon 0.005260
Epoch 835 | Train 0.009751 | Val 0.014812 | Pred 0.008437 | Latent 0.000877 | Recon 0.005498
Epoch 836 | Train 0.010171 | Val 0.015723 | Pred 0.008802 | Latent 0.000902 | Recon 0.006019
Epoch 837 | Train 0.009885 | Val 0.014438 | Pred 0.008344 | Latent 0.000909 | Recon 0.005185
Epoch 838 | Train 0.010229 | Val 0.016386 | Pred 0.009228 | Latent 0.000954 | Recon 0.006204
Epoch 839 | Train 0.010263 | Val 0.015058 | Pred 0.008749 | Latent 0.000901 | Recon 0.005407
Epoch 840 | Train 0.010063 | Val 0.015839 | Pred 0.008959 | Latent 0.000904 | Recon 0.005976
Epoch 841 | Train 0.010019 | Val 0.014734 | Pred 0.008346 | Latent 0.000882 | Recon 0.005506
Epoch 842 | Train 0.009585 | Val 0.014802 | Pred 0.008355 | Latent 0.000896 | Recon 0.005551
Epoch 843 | Train 0.010244 | Val 0.015319 | Pred 0.008620 | Latent 0.000930 | Recon 0.005769
Epoch 844 | Train 0.010470 | Val 0.015381 | Pred 0.008524 | Latent 0.000924 | Recon 0.005932
Epoch 845 | Train 0.010432 | Val 0.017864 | Pred 0.010609 | Latent 0.001043 | Recon 0.006212
Epoch 846 | Train 0.011817 | Val 0.015767 | Pred 0.008748 | Latent 0.000989 | Recon 0.006030
Epoch 847 | Train 0.011927 | Val 0.022579 | Pred 0.012201 | Latent 0.001429 | Recon 0.008949
Epoch 848 | Train 0.015382 | Val 0.015823 | Pred 0.008991 | Latent 0.001070 | Recon 0.005762
Epoch 849 | Train 0.012497 | Val 0.015151 | Pred 0.008893 | Latent 0.000983 | Recon 0.005274
Epoch 850 | Train 0.010668 | Val 0.016567 | Pred 0.009481 | Latent 0.001036 | Recon 0.006050
Epoch 851 | Train 0.011262 | Val 0.016038 | Pred 0.009154 | Latent 0.001028 | Recon 0.005856
Epoch 852 | Train 0.010635 | Val 0.015404 | Pred 0.008716 | Latent 0.000955 | Recon 0.005733
Epoch 853 | Train 0.010245 | Val 0.014964 | Pred 0.008686 | Latent 0.000912 | Recon 0.005366
Epoch 854 | Train 0.012414 | Val 0.018677 | Pred 0.011083 | Latent 0.001263 | Recon 0.006332
Epoch 855 | Train 0.012553 | Val 0.018236 | Pred 0.010228 | Latent 0.001127 | Recon 0.006882
Epoch 856 | Train 0.011470 | Val 0.016354 | Pred 0.009274 | Latent 0.001012 | Recon 0.006069
Epoch 857 | Train 0.010521 | Val 0.014828 | Pred 0.008590 | Latent 0.000926 | Recon 0.005312
Epoch 858 | Train 0.010221 | Val 0.014197 | Pred 0.008216 | Latent 0.000906 | Recon 0.005075
Epoch 859 | Train 0.010369 | Val 0.019007 | Pred 0.010866 | Latent 0.001086 | Recon 0.007055
Epoch 860 | Train 0.011721 | Val 0.015378 | Pred 0.008835 | Latent 0.000922 | Recon 0.005621
Epoch 861 | Train 0.010461 | Val 0.015646 | Pred 0.008949 | Latent 0.000955 | Recon 0.005741
Epoch 862 | Train 0.010389 | Val 0.014170 | Pred 0.008045 | Latent 0.000868 | Recon 0.005256
Epoch 863 | Train 0.009900 | Val 0.015040 | Pred 0.008524 | Latent 0.000878 | Recon 0.005638
Epoch 864 | Train 0.010325 | Val 0.014315 | Pred 0.008174 | Latent 0.000892 | Recon 0.005249
Epoch 865 | Train 0.009477 | Val 0.014057 | Pred 0.008099 | Latent 0.000872 | Recon 0.005086
Epoch 866 | Train 0.009672 | Val 0.015216 | Pred 0.008541 | Latent 0.000871 | Recon 0.005804
Epoch 867 | Train 0.009890 | Val 0.014752 | Pred 0.008321 | Latent 0.000887 | Recon 0.005543
Epoch 868 | Train 0.009779 | Val 0.019537 | Pred 0.010958 | Latent 0.001048 | Recon 0.007532
Epoch 869 | Train 0.011119 | Val 0.014883 | Pred 0.008432 | Latent 0.000896 | Recon 0.005554
Epoch 870 | Train 0.009748 | Val 0.014382 | Pred 0.008243 | Latent 0.000881 | Recon 0.005258
Epoch 871 | Train 0.010061 | Val 0.015494 | Pred 0.008874 | Latent 0.000913 | Recon 0.005707
Epoch 872 | Train 0.009821 | Val 0.015794 | Pred 0.008855 | Latent 0.000933 | Recon 0.006007
Epoch 873 | Train 0.010115 | Val 0.014817 | Pred 0.008618 | Latent 0.000925 | Recon 0.005274
Epoch 874 | Train 0.010095 | Val 0.014775 | Pred 0.008423 | Latent 0.000897 | Recon 0.005456
Epoch 875 | Train 0.009806 | Val 0.015689 | Pred 0.008884 | Latent 0.000909 | Recon 0.005896
Epoch 876 | Train 0.009780 | Val 0.019343 | Pred 0.010365 | Latent 0.001028 | Recon 0.007950
Epoch 877 | Train 0.011221 | Val 0.014549 | Pred 0.008360 | Latent 0.000915 | Recon 0.005274
Epoch 878 | Train 0.010023 | Val 0.014609 | Pred 0.008465 | Latent 0.000925 | Recon 0.005218
Epoch 879 | Train 0.010105 | Val 0.019618 | Pred 0.011057 | Latent 0.000989 | Recon 0.007572
Epoch 880 | Train 0.012503 | Val 0.016861 | Pred 0.009566 | Latent 0.000933 | Recon 0.006362
Epoch 881 | Train 0.011513 | Val 0.015259 | Pred 0.008893 | Latent 0.000940 | Recon 0.005426
Epoch 882 | Train 0.009966 | Val 0.015749 | Pred 0.008986 | Latent 0.000915 | Recon 0.005849
Epoch 883 | Train 0.009958 | Val 0.014791 | Pred 0.008502 | Latent 0.000925 | Recon 0.005364
Epoch 884 | Train 0.009750 | Val 0.015079 | Pred 0.008707 | Latent 0.000895 | Recon 0.005477
Epoch 885 | Train 0.010020 | Val 0.014120 | Pred 0.008051 | Latent 0.000863 | Recon 0.005206
Epoch 886 | Train 0.009324 | Val 0.014846 | Pred 0.008273 | Latent 0.000853 | Recon 0.005721
Epoch 887 | Train 0.009744 | Val 0.015283 | Pred 0.008750 | Latent 0.000890 | Recon 0.005643
Epoch 888 | Train 0.009754 | Val 0.015345 | Pred 0.008616 | Latent 0.000885 | Recon 0.005844
Epoch 889 | Train 0.009988 | Val 0.014811 | Pred 0.008566 | Latent 0.000886 | Recon 0.005359
Epoch 890 | Train 0.009743 | Val 0.014860 | Pred 0.008428 | Latent 0.000896 | Recon 0.005535
Epoch 891 | Train 0.009875 | Val 0.015676 | Pred 0.008920 | Latent 0.000904 | Recon 0.005852
Epoch 892 | Train 0.010278 | Val 0.014554 | Pred 0.008372 | Latent 0.000871 | Recon 0.005310
Epoch 893 | Train 0.009993 | Val 0.014130 | Pred 0.008132 | Latent 0.000875 | Recon 0.005123
Epoch 894 | Train 0.009756 | Val 0.015565 | Pred 0.009022 | Latent 0.000923 | Recon 0.005620
Epoch 895 | Train 0.010242 | Val 0.015450 | Pred 0.008755 | Latent 0.000916 | Recon 0.005778
Epoch 896 | Train 0.010424 | Val 0.014756 | Pred 0.008382 | Latent 0.000928 | Recon 0.005446
Epoch 897 | Train 0.010427 | Val 0.015258 | Pred 0.008540 | Latent 0.000931 | Recon 0.005787
Epoch 898 | Train 0.010079 | Val 0.014538 | Pred 0.008413 | Latent 0.000928 | Recon 0.005197
Epoch 899 | Train 0.009837 | Val 0.014578 | Pred 0.008251 | Latent 0.000883 | Recon 0.005443
Epoch 900 | Train 0.010411 | Val 0.017055 | Pred 0.009896 | Latent 0.001010 | Recon 0.006148
Epoch 901 | Train 0.011188 | Val 0.017780 | Pred 0.010145 | Latent 0.000976 | Recon 0.006659
Epoch 902 | Train 0.011137 | Val 0.015388 | Pred 0.009047 | Latent 0.000969 | Recon 0.005372
Epoch 903 | Train 0.010351 | Val 0.016410 | Pred 0.009471 | Latent 0.000982 | Recon 0.005957
Epoch 904 | Train 0.010997 | Val 0.014427 | Pred 0.008385 | Latent 0.000894 | Recon 0.005148
Epoch 905 | Train 0.011413 | Val 0.017539 | Pred 0.010206 | Latent 0.001142 | Recon 0.006191
Epoch 906 | Train 0.011256 | Val 0.016371 | Pred 0.009571 | Latent 0.001018 | Recon 0.005782
Epoch 907 | Train 0.009975 | Val 0.015532 | Pred 0.008923 | Latent 0.000931 | Recon 0.005678
Epoch 908 | Train 0.010177 | Val 0.016492 | Pred 0.009465 | Latent 0.001005 | Recon 0.006022
Epoch 909 | Train 0.010074 | Val 0.015494 | Pred 0.008699 | Latent 0.000930 | Recon 0.005864
Epoch 910 | Train 0.009611 | Val 0.015003 | Pred 0.008723 | Latent 0.000920 | Recon 0.005360
Epoch 911 | Train 0.009542 | Val 0.014933 | Pred 0.008503 | Latent 0.000919 | Recon 0.005511
Epoch 912 | Train 0.009630 | Val 0.014615 | Pred 0.008380 | Latent 0.000906 | Recon 0.005330
Epoch 913 | Train 0.009547 | Val 0.016847 | Pred 0.009620 | Latent 0.000938 | Recon 0.006289
Epoch 914 | Train 0.010668 | Val 0.013764 | Pred 0.007839 | Latent 0.000836 | Recon 0.005090
Epoch 915 | Train 0.009167 | Val 0.014227 | Pred 0.008305 | Latent 0.000864 | Recon 0.005057
Epoch 916 | Train 0.009451 | Val 0.014770 | Pred 0.008430 | Latent 0.000880 | Recon 0.005460
Epoch 917 | Train 0.009456 | Val 0.015663 | Pred 0.009056 | Latent 0.000927 | Recon 0.005681
Epoch 918 | Train 0.009769 | Val 0.014345 | Pred 0.008299 | Latent 0.000889 | Recon 0.005157
Epoch 919 | Train 0.009573 | Val 0.016750 | Pred 0.009367 | Latent 0.000913 | Recon 0.006470
Epoch 920 | Train 0.010353 | Val 0.015331 | Pred 0.008712 | Latent 0.000869 | Recon 0.005750
Epoch 921 | Train 0.009670 | Val 0.015197 | Pred 0.008765 | Latent 0.000868 | Recon 0.005564
Epoch 922 | Train 0.009840 | Val 0.016246 | Pred 0.009258 | Latent 0.000916 | Recon 0.006072
Epoch 923 | Train 0.010555 | Val 0.014684 | Pred 0.008470 | Latent 0.000891 | Recon 0.005323
Epoch 924 | Train 0.009728 | Val 0.015621 | Pred 0.008703 | Latent 0.000957 | Recon 0.005961
Epoch 925 | Train 0.009749 | Val 0.016268 | Pred 0.009024 | Latent 0.000933 | Recon 0.006312
Epoch 926 | Train 0.009723 | Val 0.015518 | Pred 0.008905 | Latent 0.000937 | Recon 0.005676
Epoch 927 | Train 0.009801 | Val 0.014327 | Pred 0.008372 | Latent 0.000899 | Recon 0.005057
Epoch 928 | Train 0.009548 | Val 0.014817 | Pred 0.008645 | Latent 0.000904 | Recon 0.005267
Epoch 929 | Train 0.009701 | Val 0.015551 | Pred 0.008756 | Latent 0.000897 | Recon 0.005898
Epoch 930 | Train 0.009804 | Val 0.014217 | Pred 0.008177 | Latent 0.000871 | Recon 0.005169
Epoch 931 | Train 0.009475 | Val 0.015462 | Pred 0.008756 | Latent 0.000905 | Recon 0.005801
Epoch 932 | Train 0.009990 | Val 0.014880 | Pred 0.008574 | Latent 0.000908 | Recon 0.005398
Epoch 933 | Train 0.009724 | Val 0.013927 | Pred 0.008026 | Latent 0.000873 | Recon 0.005029
Epoch 934 | Train 0.009507 | Val 0.014926 | Pred 0.008673 | Latent 0.000907 | Recon 0.005346
Epoch 935 | Train 0.010199 | Val 0.015249 | Pred 0.008609 | Latent 0.000917 | Recon 0.005723
Epoch 936 | Train 0.009942 | Val 0.015559 | Pred 0.008979 | Latent 0.000913 | Recon 0.005666
Epoch 937 | Train 0.010723 | Val 0.020717 | Pred 0.011923 | Latent 0.001238 | Recon 0.007556
Epoch 938 | Train 0.012873 | Val 0.015062 | Pred 0.008553 | Latent 0.000928 | Recon 0.005581
Epoch 939 | Train 0.010404 | Val 0.014799 | Pred 0.008562 | Latent 0.000921 | Recon 0.005316
Epoch 940 | Train 0.009869 | Val 0.015148 | Pred 0.008627 | Latent 0.000887 | Recon 0.005634
Epoch 941 | Train 0.009863 | Val 0.014196 | Pred 0.008093 | Latent 0.000859 | Recon 0.005244
Epoch 942 | Train 0.009382 | Val 0.015055 | Pred 0.008591 | Latent 0.000899 | Recon 0.005565
Epoch 943 | Train 0.009368 | Val 0.014284 | Pred 0.008313 | Latent 0.000877 | Recon 0.005093
Epoch 944 | Train 0.009307 | Val 0.013951 | Pred 0.008017 | Latent 0.000886 | Recon 0.005048
Epoch 945 | Train 0.009427 | Val 0.015087 | Pred 0.008542 | Latent 0.000862 | Recon 0.005684
Epoch 946 | Train 0.009629 | Val 0.014402 | Pred 0.008185 | Latent 0.000874 | Recon 0.005342
Epoch 947 | Train 0.009721 | Val 0.014614 | Pred 0.008272 | Latent 0.000871 | Recon 0.005472
Epoch 948 | Train 0.009726 | Val 0.015673 | Pred 0.008996 | Latent 0.000886 | Recon 0.005791
Epoch 949 | Train 0.010572 | Val 0.015403 | Pred 0.008847 | Latent 0.000915 | Recon 0.005641
Epoch 950 | Train 0.009821 | Val 0.014649 | Pred 0.008436 | Latent 0.000921 | Recon 0.005292
Epoch 951 | Train 0.009502 | Val 0.015220 | Pred 0.008853 | Latent 0.000901 | Recon 0.005467
Epoch 952 | Train 0.009727 | Val 0.014874 | Pred 0.008481 | Latent 0.000867 | Recon 0.005526
Epoch 953 | Train 0.009652 | Val 0.014975 | Pred 0.008621 | Latent 0.000873 | Recon 0.005481
Epoch 954 | Train 0.009663 | Val 0.015149 | Pred 0.008722 | Latent 0.000862 | Recon 0.005565
Epoch 955 | Train 0.009344 | Val 0.014416 | Pred 0.008390 | Latent 0.000861 | Recon 0.005165
Epoch 956 | Train 0.009519 | Val 0.015067 | Pred 0.008747 | Latent 0.000890 | Recon 0.005429
Epoch 957 | Train 0.009786 | Val 0.014199 | Pred 0.008152 | Latent 0.000869 | Recon 0.005179
Epoch 958 | Train 0.009618 | Val 0.015078 | Pred 0.008626 | Latent 0.000922 | Recon 0.005530
Epoch 959 | Train 0.009922 | Val 0.014691 | Pred 0.008566 | Latent 0.000894 | Recon 0.005231
Epoch 960 | Train 0.009803 | Val 0.019546 | Pred 0.010644 | Latent 0.001104 | Recon 0.007797
Epoch 961 | Train 0.012871 | Val 0.016238 | Pred 0.009507 | Latent 0.000986 | Recon 0.005744
Epoch 962 | Train 0.012263 | Val 0.018240 | Pred 0.010488 | Latent 0.001107 | Recon 0.006645
Epoch 963 | Train 0.010771 | Val 0.014976 | Pred 0.008442 | Latent 0.000897 | Recon 0.005637
Epoch 964 | Train 0.009581 | Val 0.013795 | Pred 0.008031 | Latent 0.000858 | Recon 0.004906
Epoch 965 | Train 0.009166 | Val 0.013912 | Pred 0.008121 | Latent 0.000842 | Recon 0.004949
Epoch 966 | Train 0.009509 | Val 0.014917 | Pred 0.008660 | Latent 0.000891 | Recon 0.005366
Epoch 967 | Train 0.009491 | Val 0.014030 | Pred 0.007897 | Latent 0.000853 | Recon 0.005281
Epoch 968 | Train 0.009209 | Val 0.014367 | Pred 0.008270 | Latent 0.000831 | Recon 0.005266
Epoch 969 | Train 0.009208 | Val 0.014673 | Pred 0.008623 | Latent 0.000903 | Recon 0.005147
Epoch 970 | Train 0.009319 | Val 0.014806 | Pred 0.008544 | Latent 0.000841 | Recon 0.005420
Epoch 971 | Train 0.009504 | Val 0.014052 | Pred 0.008067 | Latent 0.000834 | Recon 0.005151
Epoch 972 | Train 0.009263 | Val 0.014614 | Pred 0.008573 | Latent 0.000856 | Recon 0.005184
Epoch 973 | Train 0.009469 | Val 0.015203 | Pred 0.008748 | Latent 0.000890 | Recon 0.005565
Epoch 974 | Train 0.009561 | Val 0.016333 | Pred 0.009064 | Latent 0.000844 | Recon 0.006425
Epoch 975 | Train 0.009986 | Val 0.014278 | Pred 0.007976 | Latent 0.000840 | Recon 0.005462
Epoch 976 | Train 0.009250 | Val 0.015151 | Pred 0.008538 | Latent 0.000850 | Recon 0.005763
Epoch 977 | Train 0.009571 | Val 0.014119 | Pred 0.008155 | Latent 0.000841 | Recon 0.005122
Epoch 978 | Train 0.009114 | Val 0.013599 | Pred 0.007807 | Latent 0.000838 | Recon 0.004954
Epoch 979 | Train 0.009230 | Val 0.014960 | Pred 0.008536 | Latent 0.000846 | Recon 0.005578
Epoch 980 | Train 0.009248 | Val 0.014144 | Pred 0.008150 | Latent 0.000840 | Recon 0.005154
Epoch 981 | Train 0.009223 | Val 0.017161 | Pred 0.009704 | Latent 0.000897 | Recon 0.006560
Epoch 982 | Train 0.010483 | Val 0.015114 | Pred 0.008470 | Latent 0.000888 | Recon 0.005756
Epoch 983 | Train 0.009603 | Val 0.016024 | Pred 0.008991 | Latent 0.000894 | Recon 0.006139
Epoch 984 | Train 0.010030 | Val 0.014304 | Pred 0.008206 | Latent 0.000842 | Recon 0.005256
Epoch 985 | Train 0.009891 | Val 0.014662 | Pred 0.008609 | Latent 0.000868 | Recon 0.005185
Epoch 986 | Train 0.009378 | Val 0.014386 | Pred 0.008178 | Latent 0.000865 | Recon 0.005342
Epoch 987 | Train 0.009304 | Val 0.014245 | Pred 0.008241 | Latent 0.000840 | Recon 0.005165
Epoch 988 | Train 0.009492 | Val 0.015052 | Pred 0.008442 | Latent 0.000853 | Recon 0.005756
Epoch 989 | Train 0.009688 | Val 0.014136 | Pred 0.008071 | Latent 0.000840 | Recon 0.005225
Epoch 990 | Train 0.009443 | Val 0.014629 | Pred 0.008394 | Latent 0.000862 | Recon 0.005373
Epoch 991 | Train 0.009556 | Val 0.014374 | Pred 0.008345 | Latent 0.000879 | Recon 0.005150
Epoch 992 | Train 0.009308 | Val 0.013918 | Pred 0.008172 | Latent 0.000859 | Recon 0.004888
Epoch 993 | Train 0.009130 | Val 0.013733 | Pred 0.007953 | Latent 0.000851 | Recon 0.004929
Epoch 994 | Train 0.008819 | Val 0.014566 | Pred 0.008557 | Latent 0.000855 | Recon 0.005154
Epoch 995 | Train 0.009369 | Val 0.016277 | Pred 0.008664 | Latent 0.000983 | Recon 0.006631
Epoch 996 | Train 0.010201 | Val 0.014815 | Pred 0.008688 | Latent 0.000879 | Recon 0.005249
Epoch 997 | Train 0.009575 | Val 0.016504 | Pred 0.009073 | Latent 0.000888 | Recon 0.006543
Epoch 998 | Train 0.010605 | Val 0.015595 | Pred 0.009085 | Latent 0.000935 | Recon 0.005574
Epoch 999 | Train 0.009312 | Val 0.014821 | Pred 0.008566 | Latent 0.000884 | Recon 0.005370
wandb: uploading history steps 973-998, summary, console lines 977-1002; updating run metadata
wandb: uploading models/latent_gru_world_model.pt; uploading output.log; uploading wandb-summary.json
wandb: uploading models/latent_gru_world_model.pt
wandb: uploading history steps 999-999, summary, console lines 1003-1006
wandb: 
wandb: Run history:
wandb:               epoch ▁▁▁▁▂▂▂▂▂▂▃▃▃▃▃▄▄▄▄▄▄▄▄▄▄▅▅▅▅▅▅▅▆▆▆▇▇▇██
wandb:         latent_loss ██▅▅▄▃▃▃▃▂▂▂▂▂▂▂▂▂▂▁▁▁▁▁▁▁▁▁▁▁▁▁▁▁▁▁▁▁▁▁
wandb:     prediction_loss █▅▃▃▃▃▂▂▂▂▂▂▂▂▂▁▁▂▁▂▁▁▁▁▁▁▁▁▁▁▁▁▁▁▁▁▁▁▁▁
wandb: reconstruction_loss █▅▂▁▁▁▁▁▁▁▁▁▁▁▁▁▁▁▁▁▁▁▁▁▁▁▁▁▁▁▁▁▁▁▁▁▁▁▁▁
wandb:          train_loss █▆▆▆▆▅▅▄▄▃▃▃▃▃▃▃▂▂▂▂▂▂▂▂▂▂▂▂▂▂▂▁▁▁▁▁▁▁▁▁
wandb:            val_loss █▃▂▂▁▁▁▁▁▁▁▁▁▁▁▁▁▁▁▁▁▁▁▁▁▁▁▁▁▁▁▁▁▁▁▁▁▁▁▁
wandb: 
wandb: Run summary:
wandb:               epoch 1000
wandb:         latent_loss 0.00084
wandb:     prediction_loss 0.0081
wandb: reconstruction_loss 0.00515
wandb:          train_loss 0.00961
wandb:            val_loss 0.01409
wandb: 
wandb: 🚀 View run latent-gru-train-hpc-a100-10825543 at: https://wandb.ai/IML-Research/latent-gru-world-model/runs/e5sej2at
wandb: ⭐️ View project at: https://wandb.ai/IML-Research/latent-gru-world-model
wandb: Synced 5 W&B file(s), 0 media file(s), 0 artifact file(s) and 1 other file(s)
wandb: Find logs at: ./wandb/run-20260714_031545-e5sej2at/logs
Epoch 1000 | Train 0.009606 | Val 0.014092 | Pred 0.008102 | Latent 0.000842 | Recon 0.005148

Best validation loss: 0.013599012006560097
Saved model: models/latent_gru_world_model.pt
Rollout...
wandb: Currently logged in as: 92danyalsultan (IML-Research) to https://api.wandb.ai. Use `wandb login --relogin` to force relogin
wandb: setting up run 16aniwv2
wandb: Tracking run with wandb version 0.23.0
wandb: Run data is saved locally in /mnt/parscratch/users/aca22mds/projects/latent-gru-world-model/Latent-GRU-World-Model/wandb/run-20260714_032506-16aniwv2
wandb: Run `wandb offline` to turn off syncing.
wandb: Syncing run latent-gru-rollout-10825543
wandb: ⭐️ View project at https://wandb.ai/IML-Research/latent-gru-world-model
wandb: 🚀 View run at https://wandb.ai/IML-Research/latent-gru-world-model/runs/16aniwv2
/users/aca22mds/.conda/envs/latentgru/lib/python3.10/site-packages/torch/_utils.py:776: UserWarning: TypedStorage is deprecated. It will be removed in the future and UntypedStorage will be the only storage class. This should only matter to you if you are using storages directly.  To access UntypedStorage directly, use tensor.untyped_storage() instead of tensor.storage()
  return self.fget.__get__(instance, owner)()
wandb: updating run metadata
wandb: uploading wandb-summary.json; uploading config.yaml
wandb: uploading history steps 0-1, summary, console lines 2-5
wandb: 
wandb: Run history:
wandb: divergence_timestep ▁
wandb:    eef_rollout_rmse ▁
wandb:        rollout_rmse ▁
wandb: 
wandb: Run summary:
wandb: divergence_timestep 20
wandb:    eef_rollout_rmse 0.01128
wandb:        rollout_rmse 0.05408
wandb: 
wandb: 🚀 View run latent-gru-rollout-10825543 at: https://wandb.ai/IML-Research/latent-gru-world-model/runs/16aniwv2
wandb: ⭐️ View project at: https://wandb.ai/IML-Research/latent-gru-world-model
wandb: Synced 5 W&B file(s), 0 media file(s), 0 artifact file(s) and 0 other file(s)
wandb: Find logs at: ./wandb/run-20260714_032506-16aniwv2/logs
Using device: cuda
State shape: (1000, 77)
Full rollout RMSE = 0.054076
EEF rollout RMSE = 0.011280
Divergence timestep: 20
Evaluation...
wandb: Currently logged in as: 92danyalsultan (IML-Research) to https://api.wandb.ai. Use `wandb login --relogin` to force relogin
wandb: setting up run s16slv1e
wandb: Tracking run with wandb version 0.23.0
wandb: Run data is saved locally in /mnt/parscratch/users/aca22mds/projects/latent-gru-world-model/Latent-GRU-World-Model/wandb/run-20260714_032514-s16slv1e
wandb: Run `wandb offline` to turn off syncing.
wandb: Syncing run latent-gru-horizon-eval-10825543
wandb: ⭐️ View project at https://wandb.ai/IML-Research/latent-gru-world-model
wandb: 🚀 View run at https://wandb.ai/IML-Research/latent-gru-world-model/runs/s16slv1e
/users/aca22mds/.conda/envs/latentgru/lib/python3.10/site-packages/torch/_utils.py:776: UserWarning: TypedStorage is deprecated. It will be removed in the future and UntypedStorage will be the only storage class. This should only matter to you if you are using storages directly.  To access UntypedStorage directly, use tensor.untyped_storage() instead of tensor.storage()
  return self.fget.__get__(instance, owner)()
wandb: uploading artifact run-s16slv1e-horizon_results; uploading media/table/horizon_results_6_65c0f50e6623c32fc900.table.json; updating run metadata
wandb: uploading artifact run-s16slv1e-horizon_results; uploading output.log; uploading wandb-summary.json; uploading config.yaml
wandb: uploading artifact run-s16slv1e-horizon_results
wandb: uploading history steps 0-6, summary, console lines 2-8
wandb: 
wandb: Run history:
wandb: horizon ▁▁▂▂▄█
wandb:    rmse ▁▂▅▆▇█
wandb: 
wandb: Run summary:
wandb: horizon 100
wandb:    rmse 0.03322
wandb: 
wandb: 🚀 View run latent-gru-horizon-eval-10825543 at: https://wandb.ai/IML-Research/latent-gru-world-model/runs/s16slv1e
wandb: ⭐️ View project at: https://wandb.ai/IML-Research/latent-gru-world-model
wandb: Synced 5 W&B file(s), 1 media file(s), 2 artifact file(s) and 0 other file(s)
wandb: Find logs at: ./wandb/run-20260714_032514-s16slv1e/logs
Using device: cuda
State shape: (1000, 77)
  1-step RMSE = 0.019687
  5-step RMSE = 0.021618
 10-step RMSE = 0.026926
 20-step RMSE = 0.030042
 50-step RMSE = 0.031306
100-step RMSE = 0.033222
Finished
